Using pre-set license

 COMMAND LINE ARGUMENTS:
/Applications/Unity/Hub/Editor/2020.2.7f1/Unity.app/Contents/MacOS/Unity
-adb2
-batchMode
-noUpm
-name
AssetImportWorker0
-projectPath
/Users/seita_mac/Desktop/MyUnityProjects/OriginalGame
-logFile
Logs/AssetImportWorker0.log
-srvPort
55424
Successfully changed project path to: /Users/seita_mac/Desktop/MyUnityProjects/OriginalGame
/Users/seita_mac/Desktop/MyUnityProjects/OriginalGame
Using Asset Import Pipeline V2.
Refreshing native plugins compatible for Editor in 43.57 ms, found 1 plugins.
Preloading 0 native plugins for Editor in 0.00 ms.
Initialize engine version: 2020.2.7f1 (c53830e277f1)
[Subsystems] Discovering subsystems at path /Applications/Unity/Hub/Editor/2020.2.7f1/Unity.app/Contents/Resources/UnitySubsystems
[Subsystems] Discovering subsystems at path /Users/seita_mac/Desktop/MyUnityProjects/OriginalGame/Assets
GfxDevice: creating device client; threaded=0
2023-09-24 21:07:48.191 Unity[12004:9940996] Color LCD preferred device: Intel(R) Iris(TM) Plus Graphics (low power)
2023-09-24 21:07:48.191 Unity[12004:9940996] Metal devices available: 1
2023-09-24 21:07:48.191 Unity[12004:9940996] 0: Intel(R) Iris(TM) Plus Graphics (low power)
2023-09-24 21:07:48.191 Unity[12004:9940996] Using device Intel(R) Iris(TM) Plus Graphics (low power)
Initializing Metal device caps: Intel(R) Iris(TM) Plus Graphics
Initialize mono
Mono path[0] = '/Applications/Unity/Hub/Editor/2020.2.7f1/Unity.app/Contents/Managed'
Mono path[1] = '/Applications/Unity/Hub/Editor/2020.2.7f1/Unity.app/Contents/MonoBleedingEdge/lib/mono/unityjit'
Mono config path = '/Applications/Unity/Hub/Editor/2020.2.7f1/Unity.app/Contents/MonoBleedingEdge/etc'
Using monoOptions --debugger-agent=transport=dt_socket,embedding=1,server=y,suspend=n,address=127.0.0.1:56004
Begin MonoManager ReloadAssembly
Registering precompiled unity dll's ...
Register platform support module: /Applications/Unity/Hub/Editor/2020.2.7f1/PlaybackEngines/WebGLSupport/UnityEditor.WebGL.Extensions.dll
Register platform support module: /Applications/Unity/Hub/Editor/2020.2.7f1/Unity.app/Contents/PlaybackEngines/MacStandaloneSupport/UnityEditor.OSXStandalone.Extensions.dll
Registered in 0.000945 seconds.
Native extension for OSXStandalone target not found
Native extension for WebGL target not found
Refreshing native plugins compatible for Editor in 43.11 ms, found 1 plugins.
Preloading 0 native plugins for Editor in 0.00 ms.
Invoked RoslynAnalysisRunner static constructor.
RoslynAnalysisRunner will not be running.
RoslynAnalysisRunner has terminated.
Mono: successfully reloaded assembly
- Completed reload, in  2.233 seconds
Platform modules already initialized, skipping
Registering precompiled user dll's ...
Registered in 0.001655 seconds.
Begin MonoManager ReloadAssembly
Native extension for OSXStandalone target not found
Native extension for WebGL target not found
Refreshing native plugins compatible for Editor in 0.35 ms, found 1 plugins.
Preloading 0 native plugins for Editor in 0.00 ms.
Invoked RoslynAnalysisRunner static constructor.
RoslynAnalysisRunner will not be running.
RoslynAnalysisRunner has terminated.
Mono: successfully reloaded assembly
- Completed reload, in  0.837 seconds
Platform modules already initialized, skipping
========================================================================
Worker process is ready to serve import requests
Launching external process: /Applications/Unity/Hub/Editor/2020.2.7f1/Unity.app/Contents/Tools/UnityShaderCompiler
Launched and connected shader compiler UnityShaderCompiler after 0.02 seconds
Refreshing native plugins compatible for Editor in 0.40 ms, found 1 plugins.
Preloading 0 native plugins for Editor in 0.00 ms.
Unloading 1476 Unused Serialized files (Serialized files now loaded: 0)
System memory in use before: 86.3 MB.
System memory in use after: 86.3 MB.

Unloading 16 unused Assets to reduce memory usage. Loaded Objects now: 1923.
Total: 2.070293 ms (FindLiveObjects: 0.217572 ms CreateObjectMapping: 0.077918 ms MarkObjects: 1.634918 ms  DeleteObjects: 0.106201 ms)

========================================================================
Received Prepare
Registering precompiled user dll's ...
Registered in 0.000987 seconds.
Begin MonoManager ReloadAssembly
Native extension for OSXStandalone target not found
Native extension for WebGL target not found
Refreshing native plugins compatible for Editor in 0.31 ms, found 1 plugins.
Preloading 0 native plugins for Editor in 0.00 ms.
Invoked RoslynAnalysisRunner static constructor.
RoslynAnalysisRunner will not be running.
RoslynAnalysisRunner has terminated.
Mono: successfully reloaded assembly
- Completed reload, in  0.741 seconds
Platform modules already initialized, skipping
Refreshing native plugins compatible for Editor in 0.34 ms, found 1 plugins.
Preloading 0 native plugins for Editor in 0.00 ms.
Unloading 1442 Unused Serialized files (Serialized files now loaded: 0)
System memory in use before: 83.2 MB.
System memory in use after: 83.2 MB.

Unloading 10 unused Assets to reduce memory usage. Loaded Objects now: 1927.
Total: 1.833583 ms (FindLiveObjects: 0.267706 ms CreateObjectMapping: 0.063250 ms MarkObjects: 1.355807 ms  DeleteObjects: 0.145013 ms)

========================================================================
Received Import Request.
  path: Assets/Scripts/LauncherManager.cs
  artifactKey: Guid(d29042e863d654010ac5e974089d1aaa) Importer(815301076,1909f56bfc062723c751e8b465ee728b)
Start importing Assets/Scripts/LauncherManager.cs using Guid(d29042e863d654010ac5e974089d1aaa) Importer(815301076,1909f56bfc062723c751e8b465ee728b)  -> (artifact id: 'b4980f4094ebd5e3efd1c7fa5845b8d3') in 0.221083 seconds
  Import took 0.224136 seconds .

========================================================================
Received Import Request.
  Time since last request: 292.230203 seconds.
  path: Assets/Scripts/PreBuildProcessing.cs
  artifactKey: Guid(01d9e826a58b945ccaaf9c88ac78f7bf) Importer(815301076,1909f56bfc062723c751e8b465ee728b)
Start importing Assets/Scripts/PreBuildProcessing.cs using Guid(01d9e826a58b945ccaaf9c88ac78f7bf) Importer(815301076,1909f56bfc062723c751e8b465ee728b)  -> (artifact id: 'fa45d18ce742c1c3ceb04ac836806411') in 0.003730 seconds
  Import took 0.006894 seconds .

========================================================================
Received Prepare
Registering precompiled user dll's ...
Registered in 0.001046 seconds.
Begin MonoManager ReloadAssembly
Native extension for OSXStandalone target not found
Native extension for WebGL target not found
Refreshing native plugins compatible for Editor in 0.34 ms, found 1 plugins.
Preloading 0 native plugins for Editor in 0.00 ms.
Invoked RoslynAnalysisRunner static constructor.
RoslynAnalysisRunner will not be running.
RoslynAnalysisRunner has terminated.
Mono: successfully reloaded assembly
- Completed reload, in  0.870 seconds
Platform modules already initialized, skipping
Refreshing native plugins compatible for Editor in 0.41 ms, found 1 plugins.
Preloading 0 native plugins for Editor in 0.00 ms.
Unloading 1443 Unused Serialized files (Serialized files now loaded: 0)
System memory in use before: 161.2 MB.
System memory in use after: 161.3 MB.

Unloading 10 unused Assets to reduce memory usage. Loaded Objects now: 1932.
Total: 1.957397 ms (FindLiveObjects: 0.284665 ms CreateObjectMapping: 0.063319 ms MarkObjects: 1.521132 ms  DeleteObjects: 0.086321 ms)

========================================================================
Received Prepare
Registering precompiled user dll's ...
Registered in 0.001249 seconds.
Begin MonoManager ReloadAssembly
Native extension for OSXStandalone target not found
Native extension for WebGL target not found
Refreshing native plugins compatible for Editor in 0.31 ms, found 1 plugins.
Preloading 0 native plugins for Editor in 0.00 ms.
Invoked RoslynAnalysisRunner static constructor.
RoslynAnalysisRunner will not be running.
RoslynAnalysisRunner has terminated.
Mono: successfully reloaded assembly
- Completed reload, in  0.855 seconds
Platform modules already initialized, skipping
Refreshing native plugins compatible for Editor in 0.34 ms, found 1 plugins.
Preloading 0 native plugins for Editor in 0.00 ms.
Unloading 1443 Unused Serialized files (Serialized files now loaded: 0)
System memory in use before: 160.4 MB.
System memory in use after: 160.5 MB.

Unloading 10 unused Assets to reduce memory usage. Loaded Objects now: 1936.
Total: 1.750148 ms (FindLiveObjects: 0.199197 ms CreateObjectMapping: 0.056006 ms MarkObjects: 1.402426 ms  DeleteObjects: 0.090426 ms)

========================================================================
Received Import Request.
  Time since last request: 98.749010 seconds.
  path: Assets/Scripts/PreBuildProcessing.cs
  artifactKey: Guid(01d9e826a58b945ccaaf9c88ac78f7bf) Importer(815301076,1909f56bfc062723c751e8b465ee728b)
Start importing Assets/Scripts/PreBuildProcessing.cs using Guid(01d9e826a58b945ccaaf9c88ac78f7bf) Importer(815301076,1909f56bfc062723c751e8b465ee728b)  -> (artifact id: 'bac54f172dff127589a8efcde8dde65f') in 0.005931 seconds
  Import took 0.009820 seconds .

========================================================================
Received Prepare
Registering precompiled user dll's ...
Registered in 0.001116 seconds.
Begin MonoManager ReloadAssembly
Native extension for OSXStandalone target not found
Native extension for WebGL target not found
Refreshing native plugins compatible for Editor in 0.36 ms, found 1 plugins.
Preloading 0 native plugins for Editor in 0.00 ms.
Invoked RoslynAnalysisRunner static constructor.
RoslynAnalysisRunner will not be running.
RoslynAnalysisRunner has terminated.
Mono: successfully reloaded assembly
- Completed reload, in  0.793 seconds
Platform modules already initialized, skipping
Refreshing native plugins compatible for Editor in 0.33 ms, found 1 plugins.
Preloading 0 native plugins for Editor in 0.00 ms.
Unloading 1443 Unused Serialized files (Serialized files now loaded: 0)
System memory in use before: 159.6 MB.
System memory in use after: 159.7 MB.

Unloading 10 unused Assets to reduce memory usage. Loaded Objects now: 1940.
Total: 1.853162 ms (FindLiveObjects: 0.301711 ms CreateObjectMapping: 0.075134 ms MarkObjects: 1.387247 ms  DeleteObjects: 0.087236 ms)

========================================================================
Received Import Request.
  Time since last request: 81.833145 seconds.
  path: Assets/Scripts/PreBuildProcessing.cs
  artifactKey: Guid(01d9e826a58b945ccaaf9c88ac78f7bf) Importer(815301076,1909f56bfc062723c751e8b465ee728b)
Start importing Assets/Scripts/PreBuildProcessing.cs using Guid(01d9e826a58b945ccaaf9c88ac78f7bf) Importer(815301076,1909f56bfc062723c751e8b465ee728b)  -> (artifact id: 'e09789c12c93b7a6991a7b7af0daefaa') in 0.006524 seconds
  Import took 0.010847 seconds .

========================================================================
Received Prepare
Refreshing native plugins compatible for Editor in 1.47 ms, found 1 plugins.
Preloading 0 native plugins for Editor in 0.00 ms.
Unloading 8 Unused Serialized files (Serialized files now loaded: 0)
System memory in use before: 128.3 MB.
System memory in use after: 128.4 MB.

Unloading 8 unused Assets to reduce memory usage. Loaded Objects now: 1940.
Total: 2.507754 ms (FindLiveObjects: 0.302937 ms CreateObjectMapping: 0.049482 ms MarkObjects: 2.081567 ms  DeleteObjects: 0.072422 ms)

========================================================================
Received Prepare
Registering precompiled user dll's ...
Registered in 0.003956 seconds.
Begin MonoManager ReloadAssembly
Native extension for OSXStandalone target not found
Native extension for WebGL target not found
Refreshing native plugins compatible for Editor in 0.57 ms, found 1 plugins.
Preloading 0 native plugins for Editor in 0.00 ms.
Invoked RoslynAnalysisRunner static constructor.
RoslynAnalysisRunner will not be running.
RoslynAnalysisRunner has terminated.
Mono: successfully reloaded assembly
- Completed reload, in  1.594 seconds
Platform modules already initialized, skipping
Refreshing native plugins compatible for Editor in 0.33 ms, found 1 plugins.
Preloading 0 native plugins for Editor in 0.00 ms.
Unloading 1443 Unused Serialized files (Serialized files now loaded: 0)
System memory in use before: 156.0 MB.
System memory in use after: 156.0 MB.

Unloading 10 unused Assets to reduce memory usage. Loaded Objects now: 1944.
Total: 2.057952 ms (FindLiveObjects: 0.201429 ms CreateObjectMapping: 0.062259 ms MarkObjects: 1.719346 ms  DeleteObjects: 0.073765 ms)

========================================================================
Received Prepare
Registering precompiled user dll's ...
Registered in 0.003447 seconds.
Begin MonoManager ReloadAssembly
Native extension for OSXStandalone target not found
Native extension for WebGL target not found
Refreshing native plugins compatible for Editor in 0.31 ms, found 1 plugins.
Preloading 0 native plugins for Editor in 0.00 ms.
Invoked RoslynAnalysisRunner static constructor.
RoslynAnalysisRunner will not be running.
RoslynAnalysisRunner has terminated.
Mono: successfully reloaded assembly
- Completed reload, in  0.798 seconds
Platform modules already initialized, skipping
Refreshing native plugins compatible for Editor in 0.36 ms, found 1 plugins.
Preloading 0 native plugins for Editor in 0.00 ms.
Unloading 1443 Unused Serialized files (Serialized files now loaded: 0)
System memory in use before: 155.2 MB.
System memory in use after: 155.3 MB.

Unloading 10 unused Assets to reduce memory usage. Loaded Objects now: 1948.
Total: 2.252095 ms (FindLiveObjects: 0.278192 ms CreateObjectMapping: 0.058478 ms MarkObjects: 1.830619 ms  DeleteObjects: 0.080259 ms)

========================================================================
Received Prepare
Refreshing native plugins compatible for Editor in 1.22 ms, found 1 plugins.
Preloading 0 native plugins for Editor in 0.00 ms.
Unloading 8 Unused Serialized files (Serialized files now loaded: 0)
System memory in use before: 123.9 MB.
System memory in use after: 124.0 MB.

Unloading 8 unused Assets to reduce memory usage. Loaded Objects now: 1948.
Total: 1.615790 ms (FindLiveObjects: 0.164021 ms CreateObjectMapping: 0.053262 ms MarkObjects: 1.325981 ms  DeleteObjects: 0.071493 ms)

========================================================================
Received Prepare
Registering precompiled user dll's ...
Registered in 0.005410 seconds.
Begin MonoManager ReloadAssembly
Native extension for OSXStandalone target not found
Native extension for WebGL target not found
Refreshing native plugins compatible for Editor in 0.49 ms, found 1 plugins.
Preloading 0 native plugins for Editor in 0.00 ms.
Invoked RoslynAnalysisRunner static constructor.
RoslynAnalysisRunner will not be running.
RoslynAnalysisRunner has terminated.
Mono: successfully reloaded assembly
- Completed reload, in  1.642 seconds
Platform modules already initialized, skipping
Refreshing native plugins compatible for Editor in 0.45 ms, found 1 plugins.
Preloading 0 native plugins for Editor in 0.00 ms.
Unloading 1443 Unused Serialized files (Serialized files now loaded: 0)
System memory in use before: 151.5 MB.
System memory in use after: 151.6 MB.

Unloading 10 unused Assets to reduce memory usage. Loaded Objects now: 1952.
Total: 3.665019 ms (FindLiveObjects: 0.497406 ms CreateObjectMapping: 0.136728 ms MarkObjects: 2.855534 ms  DeleteObjects: 0.172093 ms)

========================================================================
Received Prepare
Registering precompiled user dll's ...
Registered in 0.001081 seconds.
Begin MonoManager ReloadAssembly
Native extension for OSXStandalone target not found
Native extension for WebGL target not found
Refreshing native plugins compatible for Editor in 0.34 ms, found 1 plugins.
Preloading 0 native plugins for Editor in 0.00 ms.
Invoked RoslynAnalysisRunner static constructor.
RoslynAnalysisRunner will not be running.
RoslynAnalysisRunner has terminated.
Mono: successfully reloaded assembly
- Completed reload, in  0.887 seconds
Platform modules already initialized, skipping
Refreshing native plugins compatible for Editor in 0.31 ms, found 1 plugins.
Preloading 0 native plugins for Editor in 0.00 ms.
Unloading 1443 Unused Serialized files (Serialized files now loaded: 0)
System memory in use before: 150.7 MB.
System memory in use after: 150.7 MB.

Unloading 10 unused Assets to reduce memory usage. Loaded Objects now: 1956.
Total: 1.608966 ms (FindLiveObjects: 0.224172 ms CreateObjectMapping: 0.042753 ms MarkObjects: 1.260264 ms  DeleteObjects: 0.079888 ms)

========================================================================
Received Prepare
Refreshing native plugins compatible for Editor in 1.44 ms, found 1 plugins.
Preloading 0 native plugins for Editor in 0.00 ms.
Unloading 8 Unused Serialized files (Serialized files now loaded: 0)
System memory in use before: 119.4 MB.
System memory in use after: 119.5 MB.

Unloading 8 unused Assets to reduce memory usage. Loaded Objects now: 1956.
Total: 3.128188 ms (FindLiveObjects: 0.417721 ms CreateObjectMapping: 0.126881 ms MarkObjects: 2.502772 ms  DeleteObjects: 0.078759 ms)

========================================================================
Received Prepare
Refreshing native plugins compatible for Editor in 1.21 ms, found 1 plugins.
Preloading 0 native plugins for Editor in 0.00 ms.
Unloading 8 Unused Serialized files (Serialized files now loaded: 0)
System memory in use before: 116.5 MB.
System memory in use after: 116.6 MB.

Unloading 8 unused Assets to reduce memory usage. Loaded Objects now: 1956.
Total: 1.858541 ms (FindLiveObjects: 0.256913 ms CreateObjectMapping: 0.086347 ms MarkObjects: 1.435175 ms  DeleteObjects: 0.076866 ms)

========================================================================
Received Prepare
Registering precompiled user dll's ...
Registered in 0.001545 seconds.
Begin MonoManager ReloadAssembly
Native extension for OSXStandalone target not found
Native extension for WebGL target not found
Refreshing native plugins compatible for Editor in 0.99 ms, found 1 plugins.
Preloading 0 native plugins for Editor in 0.00 ms.
Invoked RoslynAnalysisRunner static constructor.
RoslynAnalysisRunner will not be running.
RoslynAnalysisRunner has terminated.
Mono: successfully reloaded assembly
- Completed reload, in  1.848 seconds
Platform modules already initialized, skipping
Refreshing native plugins compatible for Editor in 0.70 ms, found 1 plugins.
Preloading 0 native plugins for Editor in 0.00 ms.
Unloading 1443 Unused Serialized files (Serialized files now loaded: 0)
System memory in use before: 144.1 MB.
System memory in use after: 144.2 MB.

Unloading 10 unused Assets to reduce memory usage. Loaded Objects now: 1960.
Total: 3.881017 ms (FindLiveObjects: 0.453253 ms CreateObjectMapping: 0.086580 ms MarkObjects: 3.115091 ms  DeleteObjects: 0.222138 ms)

========================================================================
Received Prepare
Registering precompiled user dll's ...
Registered in 0.002308 seconds.
Begin MonoManager ReloadAssembly
Native extension for OSXStandalone target not found
Native extension for WebGL target not found
Refreshing native plugins compatible for Editor in 0.32 ms, found 1 plugins.
Preloading 0 native plugins for Editor in 0.00 ms.
Invoked RoslynAnalysisRunner static constructor.
RoslynAnalysisRunner will not be running.
RoslynAnalysisRunner has terminated.
Mono: successfully reloaded assembly
- Completed reload, in  0.932 seconds
Platform modules already initialized, skipping
Refreshing native plugins compatible for Editor in 0.34 ms, found 1 plugins.
Preloading 0 native plugins for Editor in 0.00 ms.
Unloading 1443 Unused Serialized files (Serialized files now loaded: 0)
System memory in use before: 143.3 MB.
System memory in use after: 143.4 MB.

Unloading 10 unused Assets to reduce memory usage. Loaded Objects now: 1964.
Total: 1.739280 ms (FindLiveObjects: 0.177487 ms CreateObjectMapping: 0.055010 ms MarkObjects: 1.436216 ms  DeleteObjects: 0.069419 ms)

========================================================================
Received Prepare
Refreshing native plugins compatible for Editor in 1.22 ms, found 1 plugins.
Preloading 0 native plugins for Editor in 0.00 ms.
Unloading 8 Unused Serialized files (Serialized files now loaded: 0)
System memory in use before: 112.1 MB.
System memory in use after: 112.1 MB.

Unloading 8 unused Assets to reduce memory usage. Loaded Objects now: 1964.
Total: 2.418815 ms (FindLiveObjects: 0.328453 ms CreateObjectMapping: 0.093243 ms MarkObjects: 1.898280 ms  DeleteObjects: 0.097249 ms)

========================================================================
Received Prepare
Registering precompiled user dll's ...
Registered in 0.007369 seconds.
Begin MonoManager ReloadAssembly
Native extension for OSXStandalone target not found
Native extension for WebGL target not found
Refreshing native plugins compatible for Editor in 0.33 ms, found 1 plugins.
Preloading 0 native plugins for Editor in 0.00 ms.
Invoked RoslynAnalysisRunner static constructor.
RoslynAnalysisRunner will not be running.
RoslynAnalysisRunner has terminated.
Mono: successfully reloaded assembly
- Completed reload, in  1.669 seconds
Platform modules already initialized, skipping
Refreshing native plugins compatible for Editor in 1.14 ms, found 1 plugins.
Preloading 0 native plugins for Editor in 0.00 ms.
Unloading 1443 Unused Serialized files (Serialized files now loaded: 0)
System memory in use before: 139.7 MB.
System memory in use after: 139.7 MB.

Unloading 10 unused Assets to reduce memory usage. Loaded Objects now: 1968.
Total: 3.160171 ms (FindLiveObjects: 0.158121 ms CreateObjectMapping: 0.046513 ms MarkObjects: 2.788024 ms  DeleteObjects: 0.164888 ms)

========================================================================
Received Prepare
Registering precompiled user dll's ...
Registered in 0.003077 seconds.
Begin MonoManager ReloadAssembly
Native extension for OSXStandalone target not found
Native extension for WebGL target not found
Refreshing native plugins compatible for Editor in 0.31 ms, found 1 plugins.
Preloading 0 native plugins for Editor in 0.00 ms.
Invoked RoslynAnalysisRunner static constructor.
RoslynAnalysisRunner will not be running.
RoslynAnalysisRunner has terminated.
Mono: successfully reloaded assembly
- Completed reload, in  0.856 seconds
Platform modules already initialized, skipping
Refreshing native plugins compatible for Editor in 0.36 ms, found 1 plugins.
Preloading 0 native plugins for Editor in 0.00 ms.
Unloading 1443 Unused Serialized files (Serialized files now loaded: 0)
System memory in use before: 138.9 MB.
System memory in use after: 139.0 MB.

Unloading 10 unused Assets to reduce memory usage. Loaded Objects now: 1972.
Total: 2.385127 ms (FindLiveObjects: 0.253066 ms CreateObjectMapping: 0.069933 ms MarkObjects: 1.943633 ms  DeleteObjects: 0.116623 ms)

========================================================================
Received Prepare
Refreshing native plugins compatible for Editor in 1.56 ms, found 1 plugins.
Preloading 0 native plugins for Editor in 0.00 ms.
Unloading 8 Unused Serialized files (Serialized files now loaded: 0)
System memory in use before: 107.6 MB.
System memory in use after: 107.7 MB.

Unloading 8 unused Assets to reduce memory usage. Loaded Objects now: 1972.
Total: 2.034607 ms (FindLiveObjects: 0.215604 ms CreateObjectMapping: 0.042226 ms MarkObjects: 1.680995 ms  DeleteObjects: 0.094078 ms)

========================================================================
Received Prepare
Registering precompiled user dll's ...
Registered in 0.001667 seconds.
Begin MonoManager ReloadAssembly
Native extension for OSXStandalone target not found
Native extension for WebGL target not found
Refreshing native plugins compatible for Editor in 1.40 ms, found 1 plugins.
Preloading 0 native plugins for Editor in 0.00 ms.
Invoked RoslynAnalysisRunner static constructor.
RoslynAnalysisRunner will not be running.
RoslynAnalysisRunner has terminated.
Mono: successfully reloaded assembly
- Completed reload, in  1.214 seconds
Platform modules already initialized, skipping
Refreshing native plugins compatible for Editor in 0.92 ms, found 1 plugins.
Preloading 0 native plugins for Editor in 0.00 ms.
Unloading 1443 Unused Serialized files (Serialized files now loaded: 0)
System memory in use before: 135.2 MB.
System memory in use after: 135.3 MB.

Unloading 10 unused Assets to reduce memory usage. Loaded Objects now: 1976.
Total: 2.437381 ms (FindLiveObjects: 0.810910 ms CreateObjectMapping: 0.100163 ms MarkObjects: 1.433576 ms  DeleteObjects: 0.085960 ms)

========================================================================
Received Prepare
Registering precompiled user dll's ...
Registered in 0.003751 seconds.
Begin MonoManager ReloadAssembly
Native extension for OSXStandalone target not found
Native extension for WebGL target not found
Refreshing native plugins compatible for Editor in 0.37 ms, found 1 plugins.
Preloading 0 native plugins for Editor in 0.00 ms.
Invoked RoslynAnalysisRunner static constructor.
RoslynAnalysisRunner will not be running.
RoslynAnalysisRunner has terminated.
Mono: successfully reloaded assembly
- Completed reload, in  1.271 seconds
Platform modules already initialized, skipping
Refreshing native plugins compatible for Editor in 0.32 ms, found 1 plugins.
Preloading 0 native plugins for Editor in 0.00 ms.
Unloading 1443 Unused Serialized files (Serialized files now loaded: 0)
System memory in use before: 134.4 MB.
System memory in use after: 134.5 MB.

Unloading 10 unused Assets to reduce memory usage. Loaded Objects now: 1980.
Total: 2.503334 ms (FindLiveObjects: 0.341176 ms CreateObjectMapping: 0.106168 ms MarkObjects: 1.970891 ms  DeleteObjects: 0.076796 ms)

========================================================================
Received Prepare
Registering precompiled user dll's ...
Registered in 0.004033 seconds.
Begin MonoManager ReloadAssembly
Native extension for OSXStandalone target not found
Native extension for WebGL target not found
Refreshing native plugins compatible for Editor in 0.33 ms, found 1 plugins.
Preloading 0 native plugins for Editor in 0.00 ms.
Invoked RoslynAnalysisRunner static constructor.
RoslynAnalysisRunner will not be running.
RoslynAnalysisRunner has terminated.
Mono: successfully reloaded assembly
- Completed reload, in  0.861 seconds
Platform modules already initialized, skipping
Refreshing native plugins compatible for Editor in 0.35 ms, found 1 plugins.
Preloading 0 native plugins for Editor in 0.00 ms.
Unloading 1443 Unused Serialized files (Serialized files now loaded: 0)
System memory in use before: 133.7 MB.
System memory in use after: 133.7 MB.

Unloading 10 unused Assets to reduce memory usage. Loaded Objects now: 1984.
Total: 2.136021 ms (FindLiveObjects: 0.402726 ms CreateObjectMapping: 0.131173 ms MarkObjects: 1.522958 ms  DeleteObjects: 0.077321 ms)

========================================================================
Received Import Request.
  Time since last request: 9580.677120 seconds.
  path: Assets/Scenes/GameScene.unity
  artifactKey: Guid(9fc0d4010bbf28b4594072e72b8655ab) Importer(815301076,1909f56bfc062723c751e8b465ee728b)
Start importing Assets/Scenes/GameScene.unity using Guid(9fc0d4010bbf28b4594072e72b8655ab) Importer(815301076,1909f56bfc062723c751e8b465ee728b)  -> (artifact id: '808769bf6fb816e6adbe7dbca8bc80f5') in 0.012389 seconds
  Import took 0.016435 seconds .

========================================================================
Received Import Request.
  Time since last request: 1.545285 seconds.
  path: Assets/Scenes/GameScene_Profiles
  artifactKey: Guid(ae7499fc5ec2e4c129b1db101d84bbf1) Importer(815301076,1909f56bfc062723c751e8b465ee728b)
Start importing Assets/Scenes/GameScene_Profiles using Guid(ae7499fc5ec2e4c129b1db101d84bbf1) Importer(815301076,1909f56bfc062723c751e8b465ee728b)  -> (artifact id: 'a242f61843d5a3c4232e9fb38543e9e7') in 0.002376 seconds
  Import took 0.005691 seconds .

========================================================================
Received Prepare
Registering precompiled user dll's ...
Registered in 0.001306 seconds.
Begin MonoManager ReloadAssembly
Native extension for OSXStandalone target not found
Native extension for WebGL target not found
Refreshing native plugins compatible for Editor in 0.41 ms, found 1 plugins.
Preloading 0 native plugins for Editor in 0.00 ms.
Invoked RoslynAnalysisRunner static constructor.
RoslynAnalysisRunner will not be running.
RoslynAnalysisRunner has terminated.
Mono: successfully reloaded assembly
- Completed reload, in  0.835 seconds
Platform modules already initialized, skipping
Refreshing native plugins compatible for Editor in 0.36 ms, found 1 plugins.
Preloading 0 native plugins for Editor in 0.00 ms.
Unloading 1443 Unused Serialized files (Serialized files now loaded: 0)
System memory in use before: 132.9 MB.
System memory in use after: 133.0 MB.

Unloading 10 unused Assets to reduce memory usage. Loaded Objects now: 1988.
Total: 1.710870 ms (FindLiveObjects: 0.146331 ms CreateObjectMapping: 0.066983 ms MarkObjects: 1.431800 ms  DeleteObjects: 0.064948 ms)

========================================================================
Received Import Request.
  Time since last request: 63.493308 seconds.
  path: Assets/Scenes/GameScene.unity
  artifactKey: Guid(9fc0d4010bbf28b4594072e72b8655ab) Importer(815301076,1909f56bfc062723c751e8b465ee728b)
Start importing Assets/Scenes/GameScene.unity using Guid(9fc0d4010bbf28b4594072e72b8655ab) Importer(815301076,1909f56bfc062723c751e8b465ee728b)  -> (artifact id: 'c0cb2271283f65d3b1428c5e01ce1ac4') in 0.014462 seconds
  Import took 0.017533 seconds .

========================================================================
Received Import Request.
  Time since last request: 0.012100 seconds.
  path: Assets/Scenes/GameScene.unity
  artifactKey: Guid(9fc0d4010bbf28b4594072e72b8655ab) Importer(815301076,1909f56bfc062723c751e8b465ee728b)
Start importing Assets/Scenes/GameScene.unity using Guid(9fc0d4010bbf28b4594072e72b8655ab) Importer(815301076,1909f56bfc062723c751e8b465ee728b)  -> (artifact id: 'c0cb2271283f65d3b1428c5e01ce1ac4') in 0.001718 seconds
  Import took 0.005261 seconds .

========================================================================
Received Prepare
Registering precompiled user dll's ...
Registered in 0.001321 seconds.
Begin MonoManager ReloadAssembly
Native extension for OSXStandalone target not found
Native extension for WebGL target not found
Refreshing native plugins compatible for Editor in 0.44 ms, found 1 plugins.
Preloading 0 native plugins for Editor in 0.00 ms.
Invoked RoslynAnalysisRunner static constructor.
RoslynAnalysisRunner will not be running.
RoslynAnalysisRunner has terminated.
Mono: successfully reloaded assembly
- Completed reload, in  0.998 seconds
Platform modules already initialized, skipping
Refreshing native plugins compatible for Editor in 0.38 ms, found 1 plugins.
Preloading 0 native plugins for Editor in 0.00 ms.
Unloading 1443 Unused Serialized files (Serialized files now loaded: 0)
System memory in use before: 132.1 MB.
System memory in use after: 132.2 MB.

Unloading 10 unused Assets to reduce memory usage. Loaded Objects now: 1992.
Total: 1.503231 ms (FindLiveObjects: 0.176169 ms CreateObjectMapping: 0.057831 ms MarkObjects: 1.201542 ms  DeleteObjects: 0.066513 ms)

========================================================================
Received Prepare
Registering precompiled user dll's ...
Registered in 0.001208 seconds.
Begin MonoManager ReloadAssembly
Native extension for OSXStandalone target not found
Native extension for WebGL target not found
Refreshing native plugins compatible for Editor in 0.35 ms, found 1 plugins.
Preloading 0 native plugins for Editor in 0.00 ms.
Invoked RoslynAnalysisRunner static constructor.
RoslynAnalysisRunner will not be running.
RoslynAnalysisRunner has terminated.
Mono: successfully reloaded assembly
- Completed reload, in  0.802 seconds
Platform modules already initialized, skipping
Refreshing native plugins compatible for Editor in 0.32 ms, found 1 plugins.
Preloading 0 native plugins for Editor in 0.00 ms.
Unloading 1443 Unused Serialized files (Serialized files now loaded: 0)
System memory in use before: 131.3 MB.
System memory in use after: 131.4 MB.

Unloading 10 unused Assets to reduce memory usage. Loaded Objects now: 1996.
Total: 1.493433 ms (FindLiveObjects: 0.189164 ms CreateObjectMapping: 0.045625 ms MarkObjects: 1.191783 ms  DeleteObjects: 0.066034 ms)

========================================================================
Received Prepare
Registering precompiled user dll's ...
Registered in 0.001919 seconds.
Begin MonoManager ReloadAssembly
Native extension for OSXStandalone target not found
Native extension for WebGL target not found
Refreshing native plugins compatible for Editor in 0.32 ms, found 1 plugins.
Preloading 0 native plugins for Editor in 0.00 ms.
Invoked RoslynAnalysisRunner static constructor.
RoslynAnalysisRunner will not be running.
RoslynAnalysisRunner has terminated.
Mono: successfully reloaded assembly
- Completed reload, in  0.812 seconds
Platform modules already initialized, skipping
Refreshing native plugins compatible for Editor in 0.31 ms, found 1 plugins.
Preloading 0 native plugins for Editor in 0.00 ms.
Unloading 1443 Unused Serialized files (Serialized files now loaded: 0)
System memory in use before: 130.5 MB.
System memory in use after: 130.6 MB.

Unloading 10 unused Assets to reduce memory usage. Loaded Objects now: 2000.
Total: 2.406642 ms (FindLiveObjects: 0.387201 ms CreateObjectMapping: 0.101067 ms MarkObjects: 1.812852 ms  DeleteObjects: 0.102450 ms)

========================================================================
Received Prepare
Registering precompiled user dll's ...
Registered in 0.001169 seconds.
Begin MonoManager ReloadAssembly
Native extension for OSXStandalone target not found
Native extension for WebGL target not found
Refreshing native plugins compatible for Editor in 0.35 ms, found 1 plugins.
Preloading 0 native plugins for Editor in 0.00 ms.
Invoked RoslynAnalysisRunner static constructor.
RoslynAnalysisRunner will not be running.
RoslynAnalysisRunner has terminated.
Mono: successfully reloaded assembly
- Completed reload, in  0.800 seconds
Platform modules already initialized, skipping
Refreshing native plugins compatible for Editor in 0.35 ms, found 1 plugins.
Preloading 0 native plugins for Editor in 0.00 ms.
Unloading 1443 Unused Serialized files (Serialized files now loaded: 0)
System memory in use before: 129.8 MB.
System memory in use after: 129.8 MB.

Unloading 10 unused Assets to reduce memory usage. Loaded Objects now: 2004.
Total: 1.519843 ms (FindLiveObjects: 0.148642 ms CreateObjectMapping: 0.044668 ms MarkObjects: 1.263233 ms  DeleteObjects: 0.062438 ms)

========================================================================
Received Prepare
Registering precompiled user dll's ...
Registered in 0.001633 seconds.
Begin MonoManager ReloadAssembly
Native extension for OSXStandalone target not found
Native extension for WebGL target not found
Refreshing native plugins compatible for Editor in 0.33 ms, found 1 plugins.
Preloading 0 native plugins for Editor in 0.00 ms.
Invoked RoslynAnalysisRunner static constructor.
RoslynAnalysisRunner will not be running.
RoslynAnalysisRunner has terminated.
Mono: successfully reloaded assembly
- Completed reload, in  0.884 seconds
Platform modules already initialized, skipping
Refreshing native plugins compatible for Editor in 0.32 ms, found 1 plugins.
Preloading 0 native plugins for Editor in 0.00 ms.
Unloading 1443 Unused Serialized files (Serialized files now loaded: 0)
System memory in use before: 129.0 MB.
System memory in use after: 129.0 MB.

Unloading 10 unused Assets to reduce memory usage. Loaded Objects now: 2008.
Total: 2.070976 ms (FindLiveObjects: 0.296991 ms CreateObjectMapping: 0.053370 ms MarkObjects: 1.647433 ms  DeleteObjects: 0.070801 ms)

========================================================================
Received Import Request.
  Time since last request: 209.763862 seconds.
  path: Assets/Scenes/GameScene.unity
  artifactKey: Guid(9fc0d4010bbf28b4594072e72b8655ab) Importer(815301076,1909f56bfc062723c751e8b465ee728b)
Start importing Assets/Scenes/GameScene.unity using Guid(9fc0d4010bbf28b4594072e72b8655ab) Importer(815301076,1909f56bfc062723c751e8b465ee728b)  -> (artifact id: 'd57c1769c6230c0ca9b62907dfaa32ae') in 0.015660 seconds
  Import took 0.019487 seconds .

========================================================================
Received Prepare
Registering precompiled user dll's ...
Registered in 0.001230 seconds.
Begin MonoManager ReloadAssembly
Native extension for OSXStandalone target not found
Native extension for WebGL target not found
Refreshing native plugins compatible for Editor in 0.35 ms, found 1 plugins.
Preloading 0 native plugins for Editor in 0.00 ms.
Invoked RoslynAnalysisRunner static constructor.
RoslynAnalysisRunner will not be running.
RoslynAnalysisRunner has terminated.
Mono: successfully reloaded assembly
- Completed reload, in  0.774 seconds
Platform modules already initialized, skipping
Refreshing native plugins compatible for Editor in 0.30 ms, found 1 plugins.
Preloading 0 native plugins for Editor in 0.00 ms.
Unloading 1443 Unused Serialized files (Serialized files now loaded: 0)
System memory in use before: 128.2 MB.
System memory in use after: 128.3 MB.

Unloading 10 unused Assets to reduce memory usage. Loaded Objects now: 2012.
Total: 1.812691 ms (FindLiveObjects: 0.246766 ms CreateObjectMapping: 0.124207 ms MarkObjects: 1.364245 ms  DeleteObjects: 0.075575 ms)

========================================================================
Received Prepare
Registering precompiled user dll's ...
Registered in 0.003000 seconds.
Begin MonoManager ReloadAssembly
Native extension for OSXStandalone target not found
Native extension for WebGL target not found
Refreshing native plugins compatible for Editor in 0.35 ms, found 1 plugins.
Preloading 0 native plugins for Editor in 0.00 ms.
Invoked RoslynAnalysisRunner static constructor.
RoslynAnalysisRunner will not be running.
RoslynAnalysisRunner has terminated.
Mono: successfully reloaded assembly
- Completed reload, in  0.849 seconds
Platform modules already initialized, skipping
Refreshing native plugins compatible for Editor in 0.34 ms, found 1 plugins.
Preloading 0 native plugins for Editor in 0.00 ms.
Unloading 1443 Unused Serialized files (Serialized files now loaded: 0)
System memory in use before: 127.4 MB.
System memory in use after: 127.5 MB.

Unloading 10 unused Assets to reduce memory usage. Loaded Objects now: 2016.
Total: 2.177816 ms (FindLiveObjects: 0.337142 ms CreateObjectMapping: 0.072197 ms MarkObjects: 1.692441 ms  DeleteObjects: 0.074199 ms)

========================================================================
Received Import Request.
  Time since last request: 1280.397930 seconds.
  path: Assets/Scenes/GameScene.unity
  artifactKey: Guid(9fc0d4010bbf28b4594072e72b8655ab) Importer(815301076,1909f56bfc062723c751e8b465ee728b)
Start importing Assets/Scenes/GameScene.unity using Guid(9fc0d4010bbf28b4594072e72b8655ab) Importer(815301076,1909f56bfc062723c751e8b465ee728b)  -> (artifact id: '55fc73a4382393735c11255b586d6193') in 0.009759 seconds
  Import took 0.012702 seconds .

========================================================================
Received Import Request.
  Time since last request: 0.003382 seconds.
  path: Assets/Scenes/GameScene.unity
  artifactKey: Guid(9fc0d4010bbf28b4594072e72b8655ab) Importer(815301076,1909f56bfc062723c751e8b465ee728b)
Start importing Assets/Scenes/GameScene.unity using Guid(9fc0d4010bbf28b4594072e72b8655ab) Importer(815301076,1909f56bfc062723c751e8b465ee728b)  -> (artifact id: '55fc73a4382393735c11255b586d6193') in 0.001204 seconds
  Import took 0.006150 seconds .

========================================================================
Received Prepare
Registering precompiled user dll's ...
Registered in 0.001145 seconds.
Begin MonoManager ReloadAssembly
Native extension for OSXStandalone target not found
Native extension for WebGL target not found
Refreshing native plugins compatible for Editor in 0.33 ms, found 1 plugins.
Preloading 0 native plugins for Editor in 0.00 ms.
Invoked RoslynAnalysisRunner static constructor.
RoslynAnalysisRunner will not be running.
RoslynAnalysisRunner has terminated.
Mono: successfully reloaded assembly
- Completed reload, in  1.228 seconds
Platform modules already initialized, skipping
Refreshing native plugins compatible for Editor in 0.42 ms, found 1 plugins.
Preloading 0 native plugins for Editor in 0.00 ms.
Unloading 1443 Unused Serialized files (Serialized files now loaded: 0)
System memory in use before: 126.6 MB.
System memory in use after: 126.7 MB.

Unloading 10 unused Assets to reduce memory usage. Loaded Objects now: 2020.
Total: 2.161051 ms (FindLiveObjects: 0.306751 ms CreateObjectMapping: 0.096821 ms MarkObjects: 1.671717 ms  DeleteObjects: 0.084179 ms)

========================================================================
Received Prepare
Refreshing native plugins compatible for Editor in 2.38 ms, found 1 plugins.
Preloading 0 native plugins for Editor in 0.00 ms.
Unloading 8 Unused Serialized files (Serialized files now loaded: 0)
System memory in use before: 95.4 MB.
System memory in use after: 95.5 MB.

Unloading 8 unused Assets to reduce memory usage. Loaded Objects now: 2020.
Total: 3.288486 ms (FindLiveObjects: 0.397416 ms CreateObjectMapping: 0.111589 ms MarkObjects: 2.630068 ms  DeleteObjects: 0.125308 ms)

========================================================================
Received Prepare
Registering precompiled user dll's ...
Registered in 0.006235 seconds.
Begin MonoManager ReloadAssembly
Native extension for OSXStandalone target not found
Native extension for WebGL target not found
Refreshing native plugins compatible for Editor in 1.16 ms, found 1 plugins.
Preloading 0 native plugins for Editor in 0.00 ms.
Invoked RoslynAnalysisRunner static constructor.
RoslynAnalysisRunner will not be running.
RoslynAnalysisRunner has terminated.
Mono: successfully reloaded assembly
- Completed reload, in  1.327 seconds
Platform modules already initialized, skipping
Refreshing native plugins compatible for Editor in 0.84 ms, found 1 plugins.
Preloading 0 native plugins for Editor in 0.00 ms.
Unloading 1443 Unused Serialized files (Serialized files now loaded: 0)
System memory in use before: 123.0 MB.
System memory in use after: 123.1 MB.

Unloading 10 unused Assets to reduce memory usage. Loaded Objects now: 2024.
Total: 4.507847 ms (FindLiveObjects: 0.465725 ms CreateObjectMapping: 0.143489 ms MarkObjects: 3.658211 ms  DeleteObjects: 0.237508 ms)

========================================================================
Received Prepare
Registering precompiled user dll's ...
Registered in 0.004457 seconds.
Begin MonoManager ReloadAssembly
Native extension for OSXStandalone target not found
Native extension for WebGL target not found
Refreshing native plugins compatible for Editor in 0.37 ms, found 1 plugins.
Preloading 0 native plugins for Editor in 0.00 ms.
Invoked RoslynAnalysisRunner static constructor.
RoslynAnalysisRunner will not be running.
RoslynAnalysisRunner has terminated.
Mono: successfully reloaded assembly
- Completed reload, in  0.819 seconds
Platform modules already initialized, skipping
Refreshing native plugins compatible for Editor in 0.52 ms, found 1 plugins.
Preloading 0 native plugins for Editor in 0.00 ms.
Unloading 1443 Unused Serialized files (Serialized files now loaded: 0)
System memory in use before: 122.2 MB.
System memory in use after: 122.3 MB.

Unloading 10 unused Assets to reduce memory usage. Loaded Objects now: 2028.
Total: 3.750362 ms (FindLiveObjects: 0.719138 ms CreateObjectMapping: 0.327782 ms MarkObjects: 2.585449 ms  DeleteObjects: 0.112737 ms)

========================================================================
Received Import Request.
  Time since last request: 3463.853664 seconds.
  path: Assets/Scenes/GameScene.unity
  artifactKey: Guid(9fc0d4010bbf28b4594072e72b8655ab) Importer(815301076,1909f56bfc062723c751e8b465ee728b)
Start importing Assets/Scenes/GameScene.unity using Guid(9fc0d4010bbf28b4594072e72b8655ab) Importer(815301076,1909f56bfc062723c751e8b465ee728b)  -> (artifact id: '515a40915a8687bad05aaa86ac8edad3') in 0.012694 seconds
  Import took 0.016738 seconds .

========================================================================
Received Import Request.
  Time since last request: 0.002703 seconds.
  path: Assets/Scenes/GameScene.unity
  artifactKey: Guid(9fc0d4010bbf28b4594072e72b8655ab) Importer(815301076,1909f56bfc062723c751e8b465ee728b)
Start importing Assets/Scenes/GameScene.unity using Guid(9fc0d4010bbf28b4594072e72b8655ab) Importer(815301076,1909f56bfc062723c751e8b465ee728b)  -> (artifact id: '515a40915a8687bad05aaa86ac8edad3') in 0.001358 seconds
  Import took 0.007603 seconds .

========================================================================
Received Prepare
Refreshing native plugins compatible for Editor in 1.21 ms, found 1 plugins.
Preloading 0 native plugins for Editor in 0.00 ms.
Unloading 8 Unused Serialized files (Serialized files now loaded: 0)
System memory in use before: 91.0 MB.
System memory in use after: 91.1 MB.

Unloading 8 unused Assets to reduce memory usage. Loaded Objects now: 2028.
Total: 3.323980 ms (FindLiveObjects: 0.391564 ms CreateObjectMapping: 0.107441 ms MarkObjects: 2.744465 ms  DeleteObjects: 0.076597 ms)

========================================================================
Received Prepare
Registering precompiled user dll's ...
Registered in 0.014375 seconds.
Begin MonoManager ReloadAssembly
Native extension for OSXStandalone target not found
Native extension for WebGL target not found
Refreshing native plugins compatible for Editor in 0.88 ms, found 1 plugins.
Preloading 0 native plugins for Editor in 0.00 ms.
Invoked RoslynAnalysisRunner static constructor.
RoslynAnalysisRunner will not be running.
RoslynAnalysisRunner has terminated.
Mono: successfully reloaded assembly
- Completed reload, in  1.822 seconds
Platform modules already initialized, skipping
Refreshing native plugins compatible for Editor in 1.04 ms, found 1 plugins.
Preloading 0 native plugins for Editor in 0.00 ms.
Unloading 1443 Unused Serialized files (Serialized files now loaded: 0)
System memory in use before: 118.6 MB.
System memory in use after: 118.7 MB.

Unloading 10 unused Assets to reduce memory usage. Loaded Objects now: 2032.
Total: 3.878635 ms (FindLiveObjects: 0.764736 ms CreateObjectMapping: 0.218806 ms MarkObjects: 2.672451 ms  DeleteObjects: 0.219863 ms)

========================================================================
Received Prepare
Registering precompiled user dll's ...
Registered in 0.003091 seconds.
Begin MonoManager ReloadAssembly
Native extension for OSXStandalone target not found
Native extension for WebGL target not found
Refreshing native plugins compatible for Editor in 0.51 ms, found 1 plugins.
Preloading 0 native plugins for Editor in 0.00 ms.
Invoked RoslynAnalysisRunner static constructor.
RoslynAnalysisRunner will not be running.
RoslynAnalysisRunner has terminated.
Mono: successfully reloaded assembly
- Completed reload, in  0.813 seconds
Platform modules already initialized, skipping
Refreshing native plugins compatible for Editor in 0.33 ms, found 1 plugins.
Preloading 0 native plugins for Editor in 0.00 ms.
Unloading 1443 Unused Serialized files (Serialized files now loaded: 0)
System memory in use before: 117.9 MB.
System memory in use after: 118.0 MB.

Unloading 10 unused Assets to reduce memory usage. Loaded Objects now: 2036.
Total: 1.873373 ms (FindLiveObjects: 0.259151 ms CreateObjectMapping: 0.064204 ms MarkObjects: 1.474139 ms  DeleteObjects: 0.074674 ms)

========================================================================
Received Prepare
Refreshing native plugins compatible for Editor in 1.45 ms, found 1 plugins.
Preloading 0 native plugins for Editor in 0.00 ms.
Unloading 8 Unused Serialized files (Serialized files now loaded: 0)
System memory in use before: 86.6 MB.
System memory in use after: 86.7 MB.

Unloading 8 unused Assets to reduce memory usage. Loaded Objects now: 2036.
Total: 1.792718 ms (FindLiveObjects: 0.234731 ms CreateObjectMapping: 0.051583 ms MarkObjects: 1.427346 ms  DeleteObjects: 0.076999 ms)

========================================================================
Received Prepare
Registering precompiled user dll's ...
Registered in 0.002098 seconds.
Begin MonoManager ReloadAssembly
Native extension for OSXStandalone target not found
Native extension for WebGL target not found
Refreshing native plugins compatible for Editor in 1.45 ms, found 1 plugins.
Preloading 0 native plugins for Editor in 0.00 ms.
Invoked RoslynAnalysisRunner static constructor.
RoslynAnalysisRunner will not be running.
RoslynAnalysisRunner has terminated.
Mono: successfully reloaded assembly
- Completed reload, in  1.521 seconds
Platform modules already initialized, skipping
Refreshing native plugins compatible for Editor in 1.20 ms, found 1 plugins.
Preloading 0 native plugins for Editor in 0.00 ms.
Unloading 1443 Unused Serialized files (Serialized files now loaded: 0)
System memory in use before: 114.2 MB.
System memory in use after: 114.3 MB.

Unloading 10 unused Assets to reduce memory usage. Loaded Objects now: 2040.
Total: 1.908272 ms (FindLiveObjects: 0.267291 ms CreateObjectMapping: 0.101091 ms MarkObjects: 1.451993 ms  DeleteObjects: 0.086292 ms)

========================================================================
Received Import Request.
  Time since last request: 831.570732 seconds.
  path: Assets/Resources/RedPlayer.prefab
  artifactKey: Guid(c44f687da7f8544c78cb9348fb577943) Importer(815301076,1909f56bfc062723c751e8b465ee728b)
Start importing Assets/Resources/RedPlayer.prefab using Guid(c44f687da7f8544c78cb9348fb577943) Importer(815301076,1909f56bfc062723c751e8b465ee728b)  -> (artifact id: '236c3cedffc4bc07ec2375033c667803') in 1.047403 seconds
  Import took 1.052248 seconds .

========================================================================
Received Import Request.
  Time since last request: 21.344663 seconds.
  path: Assets/Resources/BluePlayer.prefab
  artifactKey: Guid(a24652415a453414c9221058e4265f4f) Importer(815301076,1909f56bfc062723c751e8b465ee728b)
Start importing Assets/Resources/BluePlayer.prefab using Guid(a24652415a453414c9221058e4265f4f) Importer(815301076,1909f56bfc062723c751e8b465ee728b)  -> (artifact id: '3718331fca9498e3d68e4cdcd557885d') in 0.034227 seconds
  Import took 0.040581 seconds .

========================================================================
Received Prepare
Registering precompiled user dll's ...
Registered in 0.003300 seconds.
Begin MonoManager ReloadAssembly
Native extension for OSXStandalone target not found
Native extension for WebGL target not found
Refreshing native plugins compatible for Editor in 0.32 ms, found 1 plugins.
Preloading 0 native plugins for Editor in 0.00 ms.
Invoked RoslynAnalysisRunner static constructor.
RoslynAnalysisRunner will not be running.
RoslynAnalysisRunner has terminated.
Mono: successfully reloaded assembly
- Completed reload, in  1.004 seconds
Platform modules already initialized, skipping
Refreshing native plugins compatible for Editor in 0.33 ms, found 1 plugins.
Preloading 0 native plugins for Editor in 0.00 ms.
Unloading 1443 Unused Serialized files (Serialized files now loaded: 0)
System memory in use before: 194.1 MB.
System memory in use after: 194.2 MB.

Unloading 12 unused Assets to reduce memory usage. Loaded Objects now: 2054.
Total: 1.685036 ms (FindLiveObjects: 0.151663 ms CreateObjectMapping: 0.048640 ms MarkObjects: 1.394911 ms  DeleteObjects: 0.088224 ms)

========================================================================
Received Prepare
Refreshing native plugins compatible for Editor in 1.84 ms, found 1 plugins.
Preloading 0 native plugins for Editor in 0.00 ms.
Unloading 8 Unused Serialized files (Serialized files now loaded: 0)
System memory in use before: 162.8 MB.
System memory in use after: 162.9 MB.

Unloading 8 unused Assets to reduce memory usage. Loaded Objects now: 2054.
Total: 1.838933 ms (FindLiveObjects: 0.306549 ms CreateObjectMapping: 0.043941 ms MarkObjects: 1.398905 ms  DeleteObjects: 0.088161 ms)

========================================================================
Received Prepare
Registering precompiled user dll's ...
Registered in 0.005738 seconds.
Begin MonoManager ReloadAssembly
Native extension for OSXStandalone target not found
Native extension for WebGL target not found
Refreshing native plugins compatible for Editor in 0.33 ms, found 1 plugins.
Preloading 0 native plugins for Editor in 0.00 ms.
Invoked RoslynAnalysisRunner static constructor.
RoslynAnalysisRunner will not be running.
RoslynAnalysisRunner has terminated.
Mono: successfully reloaded assembly
- Completed reload, in  1.434 seconds
Platform modules already initialized, skipping
Refreshing native plugins compatible for Editor in 0.87 ms, found 1 plugins.
Preloading 0 native plugins for Editor in 0.00 ms.
Unloading 1443 Unused Serialized files (Serialized files now loaded: 0)
System memory in use before: 190.5 MB.
System memory in use after: 190.5 MB.

Unloading 10 unused Assets to reduce memory usage. Loaded Objects now: 2058.
Total: 3.551265 ms (FindLiveObjects: 0.385400 ms CreateObjectMapping: 0.108692 ms MarkObjects: 2.951650 ms  DeleteObjects: 0.099644 ms)

========================================================================
Received Import Request.
  Time since last request: 15114.613816 seconds.
  path: Assets/Resources/RedNomalBullet.prefab
  artifactKey: Guid(5902879f992d54e538af959901794942) Importer(815301076,1909f56bfc062723c751e8b465ee728b)
Start importing Assets/Resources/RedNomalBullet.prefab using Guid(5902879f992d54e538af959901794942) Importer(815301076,1909f56bfc062723c751e8b465ee728b)  -> (artifact id: 'c2b951b3dd8f3d19755b83f1bf206c66') in 0.102326 seconds
  Import took 0.105604 seconds .

========================================================================
Received Import Request.
  Time since last request: 0.041377 seconds.
  path: Assets/Resources/RedNomalBullet.prefab
  artifactKey: Guid(5902879f992d54e538af959901794942) Importer(815301076,1909f56bfc062723c751e8b465ee728b)
Start importing Assets/Resources/RedNomalBullet.prefab using Guid(5902879f992d54e538af959901794942) Importer(815301076,1909f56bfc062723c751e8b465ee728b)  -> (artifact id: 'c2b951b3dd8f3d19755b83f1bf206c66') in 0.009375 seconds
  Import took 0.012257 seconds .

========================================================================
Received Import Request.
  Time since last request: 10.884011 seconds.
  path: Assets/Resources/BlueNomalBullet.prefab
  artifactKey: Guid(3272200f4561b4137a80d411c9d1625b) Importer(815301076,1909f56bfc062723c751e8b465ee728b)
Start importing Assets/Resources/BlueNomalBullet.prefab using Guid(3272200f4561b4137a80d411c9d1625b) Importer(815301076,1909f56bfc062723c751e8b465ee728b)  -> (artifact id: 'b58fc1612021d80a1b46ce42097284bc') in 0.015045 seconds
  Import took 0.017453 seconds .

========================================================================
Received Import Request.
  Time since last request: 742.068232 seconds.
  path: Assets/Scenes/GameScene.unity
  artifactKey: Guid(9fc0d4010bbf28b4594072e72b8655ab) Importer(815301076,1909f56bfc062723c751e8b465ee728b)
Start importing Assets/Scenes/GameScene.unity using Guid(9fc0d4010bbf28b4594072e72b8655ab) Importer(815301076,1909f56bfc062723c751e8b465ee728b)  -> (artifact id: '4dfcf07e493996db94d5124a410a10d2') in 0.001830 seconds
  Import took 0.007881 seconds .

========================================================================
Received Prepare
Refreshing native plugins compatible for Editor in 2.15 ms, found 1 plugins.
Preloading 0 native plugins for Editor in 0.00 ms.
Unloading 8 Unused Serialized files (Serialized files now loaded: 0)
System memory in use before: 159.5 MB.
System memory in use after: 159.6 MB.

Unloading 9 unused Assets to reduce memory usage. Loaded Objects now: 2059.
Total: 4.650518 ms (FindLiveObjects: 0.366428 ms CreateObjectMapping: 0.104117 ms MarkObjects: 4.039418 ms  DeleteObjects: 0.138711 ms)

========================================================================
Received Prepare
Registering precompiled user dll's ...
Registered in 0.003687 seconds.
Begin MonoManager ReloadAssembly
Native extension for OSXStandalone target not found
Native extension for WebGL target not found
Refreshing native plugins compatible for Editor in 0.79 ms, found 1 plugins.
Preloading 0 native plugins for Editor in 0.00 ms.
Invoked RoslynAnalysisRunner static constructor.
RoslynAnalysisRunner will not be running.
RoslynAnalysisRunner has terminated.
Mono: successfully reloaded assembly
- Completed reload, in  1.286 seconds
Platform modules already initialized, skipping
Refreshing native plugins compatible for Editor in 1.21 ms, found 1 plugins.
Preloading 0 native plugins for Editor in 0.00 ms.
Unloading 1443 Unused Serialized files (Serialized files now loaded: 0)
System memory in use before: 187.0 MB.
System memory in use after: 187.1 MB.

Unloading 10 unused Assets to reduce memory usage. Loaded Objects now: 2063.
Total: 3.914000 ms (FindLiveObjects: 0.514923 ms CreateObjectMapping: 0.151300 ms MarkObjects: 3.072109 ms  DeleteObjects: 0.172211 ms)

========================================================================
Received Prepare
Registering precompiled user dll's ...
Registered in 0.009761 seconds.
Begin MonoManager ReloadAssembly
Native extension for OSXStandalone target not found
Native extension for WebGL target not found
Refreshing native plugins compatible for Editor in 0.71 ms, found 1 plugins.
Preloading 0 native plugins for Editor in 0.00 ms.
Invoked RoslynAnalysisRunner static constructor.
RoslynAnalysisRunner will not be running.
RoslynAnalysisRunner has terminated.
Mono: successfully reloaded assembly
- Completed reload, in  1.522 seconds
Platform modules already initialized, skipping
Refreshing native plugins compatible for Editor in 0.65 ms, found 1 plugins.
Preloading 0 native plugins for Editor in 0.00 ms.
Unloading 1443 Unused Serialized files (Serialized files now loaded: 0)
System memory in use before: 186.2 MB.
System memory in use after: 186.3 MB.

Unloading 10 unused Assets to reduce memory usage. Loaded Objects now: 2067.
Total: 4.248496 ms (FindLiveObjects: 0.845806 ms CreateObjectMapping: 0.190643 ms MarkObjects: 3.025678 ms  DeleteObjects: 0.182288 ms)

========================================================================
Received Import Request.
  Time since last request: 830.482844 seconds.
  path: Assets/Resources/BluePlayer.prefab
  artifactKey: Guid(a24652415a453414c9221058e4265f4f) Importer(815301076,1909f56bfc062723c751e8b465ee728b)
Start importing Assets/Resources/BluePlayer.prefab using Guid(a24652415a453414c9221058e4265f4f) Importer(815301076,1909f56bfc062723c751e8b465ee728b)  -> (artifact id: '2bc23b597eeab8a97207594581beee2c') in 0.156789 seconds
  Import took 0.161377 seconds .

========================================================================
Received Import Request.
  Time since last request: 2.296331 seconds.
  path: Assets/Resources/BluePlayer.prefab
  artifactKey: Guid(a24652415a453414c9221058e4265f4f) Importer(815301076,1909f56bfc062723c751e8b465ee728b)
Start importing Assets/Resources/BluePlayer.prefab using Guid(a24652415a453414c9221058e4265f4f) Importer(815301076,1909f56bfc062723c751e8b465ee728b)  -> (artifact id: 'e173b0cfe309882ed1c169b9d4112b74') in 0.031619 seconds
  Import took 0.037298 seconds .

========================================================================
Received Import Request.
  Time since last request: 0.058788 seconds.
  path: Assets/Resources/BluePlayer.prefab
  artifactKey: Guid(a24652415a453414c9221058e4265f4f) Importer(815301076,1909f56bfc062723c751e8b465ee728b)
Start importing Assets/Resources/BluePlayer.prefab using Guid(a24652415a453414c9221058e4265f4f) Importer(815301076,1909f56bfc062723c751e8b465ee728b)  -> (artifact id: 'e173b0cfe309882ed1c169b9d4112b74') in 0.028647 seconds
  Import took 0.033197 seconds .

========================================================================
Received Import Request.
  Time since last request: 17.032758 seconds.
  path: Assets/Resources/BluePlayer.prefab
  artifactKey: Guid(a24652415a453414c9221058e4265f4f) Importer(815301076,1909f56bfc062723c751e8b465ee728b)
Start importing Assets/Resources/BluePlayer.prefab using Guid(a24652415a453414c9221058e4265f4f) Importer(815301076,1909f56bfc062723c751e8b465ee728b)  -> (artifact id: '9562535a68883e4020d84319f2f7e28e') in 0.031420 seconds
  Import took 0.036267 seconds .

========================================================================
Received Prepare
Registering precompiled user dll's ...
Registered in 0.003574 seconds.
Begin MonoManager ReloadAssembly
Native extension for OSXStandalone target not found
Native extension for WebGL target not found
Refreshing native plugins compatible for Editor in 0.33 ms, found 1 plugins.
Preloading 0 native plugins for Editor in 0.00 ms.
Invoked RoslynAnalysisRunner static constructor.
RoslynAnalysisRunner will not be running.
RoslynAnalysisRunner has terminated.
Mono: successfully reloaded assembly
- Completed reload, in  0.777 seconds
Platform modules already initialized, skipping
Refreshing native plugins compatible for Editor in 0.35 ms, found 1 plugins.
Preloading 0 native plugins for Editor in 0.00 ms.
Unloading 1443 Unused Serialized files (Serialized files now loaded: 0)
System memory in use before: 185.6 MB.
System memory in use after: 185.7 MB.

Unloading 12 unused Assets to reduce memory usage. Loaded Objects now: 2072.
Total: 1.721709 ms (FindLiveObjects: 0.173837 ms CreateObjectMapping: 0.042387 ms MarkObjects: 1.420354 ms  DeleteObjects: 0.083161 ms)

========================================================================
Received Prepare
Refreshing native plugins compatible for Editor in 1.24 ms, found 1 plugins.
Preloading 0 native plugins for Editor in 0.00 ms.
Unloading 8 Unused Serialized files (Serialized files now loaded: 0)
System memory in use before: 154.3 MB.
System memory in use after: 154.4 MB.

Unloading 8 unused Assets to reduce memory usage. Loaded Objects now: 2072.
Total: 1.946464 ms (FindLiveObjects: 0.278948 ms CreateObjectMapping: 0.087137 ms MarkObjects: 1.510023 ms  DeleteObjects: 0.068904 ms)

========================================================================
Received Prepare
Registering precompiled user dll's ...
Registered in 0.001082 seconds.
Begin MonoManager ReloadAssembly
Native extension for OSXStandalone target not found
Native extension for WebGL target not found
Refreshing native plugins compatible for Editor in 0.34 ms, found 1 plugins.
Preloading 0 native plugins for Editor in 0.00 ms.
Invoked RoslynAnalysisRunner static constructor.
RoslynAnalysisRunner will not be running.
RoslynAnalysisRunner has terminated.
Mono: successfully reloaded assembly
- Completed reload, in  0.849 seconds
Platform modules already initialized, skipping
Refreshing native plugins compatible for Editor in 0.47 ms, found 1 plugins.
Preloading 0 native plugins for Editor in 0.00 ms.
Unloading 1443 Unused Serialized files (Serialized files now loaded: 0)
System memory in use before: 181.9 MB.
System memory in use after: 182.0 MB.

Unloading 10 unused Assets to reduce memory usage. Loaded Objects now: 2076.
Total: 2.086775 ms (FindLiveObjects: 0.279354 ms CreateObjectMapping: 0.132280 ms MarkObjects: 1.561241 ms  DeleteObjects: 0.105269 ms)

========================================================================
Received Prepare
Registering precompiled user dll's ...
Registered in 0.003445 seconds.
Begin MonoManager ReloadAssembly
Native extension for OSXStandalone target not found
Native extension for WebGL target not found
Refreshing native plugins compatible for Editor in 0.32 ms, found 1 plugins.
Preloading 0 native plugins for Editor in 0.00 ms.
Invoked RoslynAnalysisRunner static constructor.
RoslynAnalysisRunner will not be running.
RoslynAnalysisRunner has terminated.
Mono: successfully reloaded assembly
- Completed reload, in  0.860 seconds
Platform modules already initialized, skipping
Refreshing native plugins compatible for Editor in 0.43 ms, found 1 plugins.
Preloading 0 native plugins for Editor in 0.00 ms.
Unloading 1443 Unused Serialized files (Serialized files now loaded: 0)
System memory in use before: 181.1 MB.
System memory in use after: 181.2 MB.

Unloading 10 unused Assets to reduce memory usage. Loaded Objects now: 2080.
Total: 2.539672 ms (FindLiveObjects: 0.286108 ms CreateObjectMapping: 0.093354 ms MarkObjects: 2.029880 ms  DeleteObjects: 0.125630 ms)

========================================================================
Received Prepare
Refreshing native plugins compatible for Editor in 1.58 ms, found 1 plugins.
Preloading 0 native plugins for Editor in 0.00 ms.
Unloading 8 Unused Serialized files (Serialized files now loaded: 0)
System memory in use before: 149.9 MB.
System memory in use after: 150.0 MB.

Unloading 8 unused Assets to reduce memory usage. Loaded Objects now: 2080.
Total: 3.200627 ms (FindLiveObjects: 0.450785 ms CreateObjectMapping: 0.127296 ms MarkObjects: 2.528911 ms  DeleteObjects: 0.091315 ms)

========================================================================
Received Prepare
Registering precompiled user dll's ...
Registered in 0.002343 seconds.
Begin MonoManager ReloadAssembly
Native extension for OSXStandalone target not found
Native extension for WebGL target not found
Refreshing native plugins compatible for Editor in 1.35 ms, found 1 plugins.
Preloading 0 native plugins for Editor in 0.00 ms.
Invoked RoslynAnalysisRunner static constructor.
RoslynAnalysisRunner will not be running.
RoslynAnalysisRunner has terminated.
Mono: successfully reloaded assembly
- Completed reload, in  1.560 seconds
Platform modules already initialized, skipping
Refreshing native plugins compatible for Editor in 1.18 ms, found 1 plugins.
Preloading 0 native plugins for Editor in 0.00 ms.
Unloading 1443 Unused Serialized files (Serialized files now loaded: 0)
System memory in use before: 177.5 MB.
System memory in use after: 177.6 MB.

Unloading 10 unused Assets to reduce memory usage. Loaded Objects now: 2084.
Total: 4.415245 ms (FindLiveObjects: 0.596752 ms CreateObjectMapping: 0.154972 ms MarkObjects: 3.438890 ms  DeleteObjects: 0.219605 ms)

========================================================================
Received Import Request.
  Time since last request: 6445.913019 seconds.
  path: Assets/Resources/BluePlayer.prefab
  artifactKey: Guid(a24652415a453414c9221058e4265f4f) Importer(815301076,1909f56bfc062723c751e8b465ee728b)
Start importing Assets/Resources/BluePlayer.prefab using Guid(a24652415a453414c9221058e4265f4f) Importer(815301076,1909f56bfc062723c751e8b465ee728b)  -> (artifact id: 'ed98dbe8d61186d6751f3315ef1620c3') in 0.161648 seconds
  Import took 0.168322 seconds .

========================================================================
Received Import Request.
  Time since last request: 230.724436 seconds.
  path: Assets/Resources/BluePlayer.prefab
  artifactKey: Guid(a24652415a453414c9221058e4265f4f) Importer(815301076,1909f56bfc062723c751e8b465ee728b)
Start importing Assets/Resources/BluePlayer.prefab using Guid(a24652415a453414c9221058e4265f4f) Importer(815301076,1909f56bfc062723c751e8b465ee728b)  -> (artifact id: '7d89f7b0836d8abc02ead829ea9c5958') in 0.030596 seconds
  Import took 0.034293 seconds .

========================================================================
Received Prepare
Refreshing native plugins compatible for Editor in 1.32 ms, found 1 plugins.
Preloading 0 native plugins for Editor in 0.00 ms.
Unloading 8 Unused Serialized files (Serialized files now loaded: 0)
System memory in use before: 147.2 MB.
System memory in use after: 147.3 MB.

Unloading 10 unused Assets to reduce memory usage. Loaded Objects now: 2085.
Total: 3.155758 ms (FindLiveObjects: 0.145270 ms CreateObjectMapping: 0.038188 ms MarkObjects: 2.896899 ms  DeleteObjects: 0.074592 ms)

========================================================================
Received Prepare
Registering precompiled user dll's ...
Registered in 0.002762 seconds.
Begin MonoManager ReloadAssembly
Native extension for OSXStandalone target not found
Native extension for WebGL target not found
Refreshing native plugins compatible for Editor in 0.70 ms, found 1 plugins.
Preloading 0 native plugins for Editor in 0.00 ms.
Invoked RoslynAnalysisRunner static constructor.
RoslynAnalysisRunner will not be running.
RoslynAnalysisRunner has terminated.
Mono: successfully reloaded assembly
- Completed reload, in  1.520 seconds
Platform modules already initialized, skipping
Refreshing native plugins compatible for Editor in 0.53 ms, found 1 plugins.
Preloading 0 native plugins for Editor in 0.00 ms.
Unloading 1443 Unused Serialized files (Serialized files now loaded: 0)
System memory in use before: 174.0 MB.
System memory in use after: 174.1 MB.

Unloading 10 unused Assets to reduce memory usage. Loaded Objects now: 2089.
Total: 4.683175 ms (FindLiveObjects: 0.693888 ms CreateObjectMapping: 0.189879 ms MarkObjects: 3.607065 ms  DeleteObjects: 0.187921 ms)

========================================================================
Received Import Request.
  Time since last request: 190.322011 seconds.
  path: Assets/Resources/BlueNomalBullet.prefab
  artifactKey: Guid(3272200f4561b4137a80d411c9d1625b) Importer(815301076,1909f56bfc062723c751e8b465ee728b)
Start importing Assets/Resources/BlueNomalBullet.prefab using Guid(3272200f4561b4137a80d411c9d1625b) Importer(815301076,1909f56bfc062723c751e8b465ee728b)  -> (artifact id: '8339f82118f62ffd57237b97455e0505') in 0.069526 seconds
  Import took 0.072729 seconds .

========================================================================
Received Import Request.
  Time since last request: 25.994369 seconds.
  path: Assets/Resources/RedNomalBullet.prefab
  artifactKey: Guid(5902879f992d54e538af959901794942) Importer(815301076,1909f56bfc062723c751e8b465ee728b)
Start importing Assets/Resources/RedNomalBullet.prefab using Guid(5902879f992d54e538af959901794942) Importer(815301076,1909f56bfc062723c751e8b465ee728b)  -> (artifact id: '7cac742ec6e512b55e331d21565aa9ad') in 0.009727 seconds
  Import took 0.013196 seconds .

========================================================================
Received Import Request.
  Time since last request: 3.415300 seconds.
  path: Assets/Resources/RedPlayer.prefab
  artifactKey: Guid(c44f687da7f8544c78cb9348fb577943) Importer(815301076,1909f56bfc062723c751e8b465ee728b)
Start importing Assets/Resources/RedPlayer.prefab using Guid(c44f687da7f8544c78cb9348fb577943) Importer(815301076,1909f56bfc062723c751e8b465ee728b)  -> (artifact id: '1ebc18b0538fd233c108fda8ab95b7c9') in 0.058256 seconds
  Import took 0.063437 seconds .

========================================================================
Received Prepare
Registering precompiled user dll's ...
Registered in 0.001071 seconds.
Begin MonoManager ReloadAssembly
Native extension for OSXStandalone target not found
Native extension for WebGL target not found
Refreshing native plugins compatible for Editor in 0.32 ms, found 1 plugins.
Preloading 0 native plugins for Editor in 0.00 ms.
Invoked RoslynAnalysisRunner static constructor.
RoslynAnalysisRunner will not be running.
RoslynAnalysisRunner has terminated.
Mono: successfully reloaded assembly
- Completed reload, in  0.785 seconds
Platform modules already initialized, skipping
Refreshing native plugins compatible for Editor in 0.34 ms, found 1 plugins.
Preloading 0 native plugins for Editor in 0.00 ms.
Unloading 1443 Unused Serialized files (Serialized files now loaded: 0)
System memory in use before: 173.4 MB.
System memory in use after: 173.5 MB.

Unloading 13 unused Assets to reduce memory usage. Loaded Objects now: 2094.
Total: 1.985739 ms (FindLiveObjects: 0.172022 ms CreateObjectMapping: 0.046986 ms MarkObjects: 1.685232 ms  DeleteObjects: 0.080251 ms)

========================================================================
Received Prepare
Registering precompiled user dll's ...
Registered in 0.005492 seconds.
Begin MonoManager ReloadAssembly
Native extension for OSXStandalone target not found
Native extension for WebGL target not found
Refreshing native plugins compatible for Editor in 0.37 ms, found 1 plugins.
Preloading 0 native plugins for Editor in 0.00 ms.
Invoked RoslynAnalysisRunner static constructor.
RoslynAnalysisRunner will not be running.
RoslynAnalysisRunner has terminated.
Mono: successfully reloaded assembly
- Completed reload, in  0.915 seconds
Platform modules already initialized, skipping
Refreshing native plugins compatible for Editor in 0.36 ms, found 1 plugins.
Preloading 0 native plugins for Editor in 0.00 ms.
Unloading 1443 Unused Serialized files (Serialized files now loaded: 0)
System memory in use before: 172.7 MB.
System memory in use after: 172.8 MB.

Unloading 10 unused Assets to reduce memory usage. Loaded Objects now: 2098.
Total: 1.933752 ms (FindLiveObjects: 0.208000 ms CreateObjectMapping: 0.055265 ms MarkObjects: 1.586500 ms  DeleteObjects: 0.082795 ms)

========================================================================
Received Prepare
Refreshing native plugins compatible for Editor in 1.30 ms, found 1 plugins.
Preloading 0 native plugins for Editor in 0.00 ms.
Unloading 8 Unused Serialized files (Serialized files now loaded: 0)
System memory in use before: 141.4 MB.
System memory in use after: 141.5 MB.

Unloading 8 unused Assets to reduce memory usage. Loaded Objects now: 2098.
Total: 1.809545 ms (FindLiveObjects: 0.221255 ms CreateObjectMapping: 0.054224 ms MarkObjects: 1.451864 ms  DeleteObjects: 0.080732 ms)

========================================================================
Received Prepare
Registering precompiled user dll's ...
Registered in 0.009014 seconds.
Begin MonoManager ReloadAssembly
Native extension for OSXStandalone target not found
Native extension for WebGL target not found
Refreshing native plugins compatible for Editor in 0.96 ms, found 1 plugins.
Preloading 0 native plugins for Editor in 0.00 ms.
Invoked RoslynAnalysisRunner static constructor.
RoslynAnalysisRunner will not be running.
RoslynAnalysisRunner has terminated.
Mono: successfully reloaded assembly
- Completed reload, in  1.426 seconds
Platform modules already initialized, skipping
Refreshing native plugins compatible for Editor in 0.33 ms, found 1 plugins.
Preloading 0 native plugins for Editor in 0.00 ms.
Unloading 1443 Unused Serialized files (Serialized files now loaded: 0)
System memory in use before: 169.0 MB.
System memory in use after: 169.1 MB.

Unloading 10 unused Assets to reduce memory usage. Loaded Objects now: 2102.
Total: 5.650444 ms (FindLiveObjects: 1.002436 ms CreateObjectMapping: 0.248819 ms MarkObjects: 4.238015 ms  DeleteObjects: 0.155194 ms)

========================================================================
Received Prepare
Refreshing native plugins compatible for Editor in 1.08 ms, found 1 plugins.
Preloading 0 native plugins for Editor in 0.00 ms.
Unloading 8 Unused Serialized files (Serialized files now loaded: 0)
System memory in use before: 137.8 MB.
System memory in use after: 137.9 MB.

Unloading 8 unused Assets to reduce memory usage. Loaded Objects now: 2102.
Total: 2.007022 ms (FindLiveObjects: 0.231856 ms CreateObjectMapping: 0.044346 ms MarkObjects: 1.651843 ms  DeleteObjects: 0.076921 ms)

========================================================================
Received Prepare
Registering precompiled user dll's ...
Registered in 0.003075 seconds.
Begin MonoManager ReloadAssembly
Native extension for OSXStandalone target not found
Native extension for WebGL target not found
Refreshing native plugins compatible for Editor in 0.34 ms, found 1 plugins.
Preloading 0 native plugins for Editor in 0.00 ms.
Invoked RoslynAnalysisRunner static constructor.
RoslynAnalysisRunner will not be running.
RoslynAnalysisRunner has terminated.
Mono: successfully reloaded assembly
- Completed reload, in  0.894 seconds
Platform modules already initialized, skipping
Refreshing native plugins compatible for Editor in 0.40 ms, found 1 plugins.
Preloading 0 native plugins for Editor in 0.00 ms.
Unloading 1443 Unused Serialized files (Serialized files now loaded: 0)
System memory in use before: 165.4 MB.
System memory in use after: 165.5 MB.

Unloading 10 unused Assets to reduce memory usage. Loaded Objects now: 2106.
Total: 1.748149 ms (FindLiveObjects: 0.178751 ms CreateObjectMapping: 0.051045 ms MarkObjects: 1.417391 ms  DeleteObjects: 0.099851 ms)

========================================================================
Received Import Request.
  Time since last request: 6019.651307 seconds.
  path: Assets/Photon/PhotonUnityNetworking/Demos/DemoSlotRacer/Resources/Player Controller.prefab
  artifactKey: Guid(c9248d8e58293473bb27cf2f5505f88b) Importer(815301076,1909f56bfc062723c751e8b465ee728b)
Start importing Assets/Photon/PhotonUnityNetworking/Demos/DemoSlotRacer/Resources/Player Controller.prefab using Guid(c9248d8e58293473bb27cf2f5505f88b) Importer(815301076,1909f56bfc062723c751e8b465ee728b)  -> (artifact id: 'c4227d4ed584666d0317399727d5a77d') in 0.031077 seconds
  Import took 0.035809 seconds .

========================================================================
Received Import Request.
  Time since last request: 158.892055 seconds.
  path: Assets/Photon/PhotonUnityNetworking/Demos/WebRpcImplementationExample.cs
  artifactKey: Guid(e5c26fb35dbf64c4eb0d1f24f1a853e9) Importer(815301076,1909f56bfc062723c751e8b465ee728b)
Start importing Assets/Photon/PhotonUnityNetworking/Demos/WebRpcImplementationExample.cs using Guid(e5c26fb35dbf64c4eb0d1f24f1a853e9) Importer(815301076,1909f56bfc062723c751e8b465ee728b)  -> (artifact id: 'd4392d82381e7af6bb01748895827649') in 0.005731 seconds
  Import took 0.009016 seconds .

========================================================================
Received Import Request.
  Time since last request: 0.003431 seconds.
  path: Assets/Photon/PhotonUnityNetworking/Demos/WebRpcImplementationExample.cs
  artifactKey: Guid(e5c26fb35dbf64c4eb0d1f24f1a853e9) Importer(815301076,1909f56bfc062723c751e8b465ee728b)
Start importing Assets/Photon/PhotonUnityNetworking/Demos/WebRpcImplementationExample.cs using Guid(e5c26fb35dbf64c4eb0d1f24f1a853e9) Importer(815301076,1909f56bfc062723c751e8b465ee728b)  -> (artifact id: 'd4392d82381e7af6bb01748895827649') in 0.005382 seconds
  Import took 0.009402 seconds .

========================================================================
Received Prepare
Refreshing native plugins compatible for Editor in 1.50 ms, found 1 plugins.
Preloading 0 native plugins for Editor in 0.00 ms.
Unloading 8 Unused Serialized files (Serialized files now loaded: 0)
System memory in use before: 134.3 MB.
System memory in use after: 134.4 MB.

Unloading 8 unused Assets to reduce memory usage. Loaded Objects now: 2106.
Total: 2.433660 ms (FindLiveObjects: 0.284938 ms CreateObjectMapping: 0.040242 ms MarkObjects: 1.973514 ms  DeleteObjects: 0.133831 ms)

========================================================================
Received Prepare
Registering precompiled user dll's ...
Registered in 0.002132 seconds.
Begin MonoManager ReloadAssembly
Native extension for OSXStandalone target not found
Native extension for WebGL target not found
Refreshing native plugins compatible for Editor in 1.06 ms, found 1 plugins.
Preloading 0 native plugins for Editor in 0.00 ms.
Invoked RoslynAnalysisRunner static constructor.
RoslynAnalysisRunner will not be running.
RoslynAnalysisRunner has terminated.
Mono: successfully reloaded assembly
- Completed reload, in  1.739 seconds
Platform modules already initialized, skipping
Refreshing native plugins compatible for Editor in 1.16 ms, found 1 plugins.
Preloading 0 native plugins for Editor in 0.00 ms.
Unloading 1443 Unused Serialized files (Serialized files now loaded: 0)
System memory in use before: 161.8 MB.
System memory in use after: 161.9 MB.

Unloading 10 unused Assets to reduce memory usage. Loaded Objects now: 2110.
Total: 2.322396 ms (FindLiveObjects: 0.173443 ms CreateObjectMapping: 0.048495 ms MarkObjects: 1.864401 ms  DeleteObjects: 0.232230 ms)

========================================================================
Received Import Request.
  Time since last request: 765.249850 seconds.
  path: Assets/Scenes/GameScene.unity
  artifactKey: Guid(9fc0d4010bbf28b4594072e72b8655ab) Importer(815301076,1909f56bfc062723c751e8b465ee728b)
Start importing Assets/Scenes/GameScene.unity using Guid(9fc0d4010bbf28b4594072e72b8655ab) Importer(815301076,1909f56bfc062723c751e8b465ee728b)  -> (artifact id: 'bbd86c7954d86e1214e8bf1853e8432e') in 0.012925 seconds
  Import took 0.016183 seconds .

========================================================================
Received Import Request.
  Time since last request: 48.857765 seconds.
  path: Assets/Resources/BluePlayer.prefab
  artifactKey: Guid(a24652415a453414c9221058e4265f4f) Importer(815301076,1909f56bfc062723c751e8b465ee728b)
Start importing Assets/Resources/BluePlayer.prefab using Guid(a24652415a453414c9221058e4265f4f) Importer(815301076,1909f56bfc062723c751e8b465ee728b)  -> (artifact id: '9900d540b338d55e8836094da9d0088b') in 0.104659 seconds
  Import took 0.108997 seconds .

========================================================================
Received Import Request.
  Time since last request: 11.601967 seconds.
  path: Assets/Resources/RedPlayer.prefab
  artifactKey: Guid(c44f687da7f8544c78cb9348fb577943) Importer(815301076,1909f56bfc062723c751e8b465ee728b)
Start importing Assets/Resources/RedPlayer.prefab using Guid(c44f687da7f8544c78cb9348fb577943) Importer(815301076,1909f56bfc062723c751e8b465ee728b)  -> (artifact id: '56add6635e75e0d88d6bf347040048d3') in 0.030108 seconds
  Import took 0.034668 seconds .

========================================================================
Received Prepare
Registering precompiled user dll's ...
Registered in 0.001100 seconds.
Begin MonoManager ReloadAssembly
Native extension for OSXStandalone target not found
Native extension for WebGL target not found
Refreshing native plugins compatible for Editor in 0.41 ms, found 1 plugins.
Preloading 0 native plugins for Editor in 0.00 ms.
Invoked RoslynAnalysisRunner static constructor.
RoslynAnalysisRunner will not be running.
RoslynAnalysisRunner has terminated.
Mono: successfully reloaded assembly
- Completed reload, in  0.831 seconds
Platform modules already initialized, skipping
Refreshing native plugins compatible for Editor in 0.31 ms, found 1 plugins.
Preloading 0 native plugins for Editor in 0.00 ms.
Unloading 1443 Unused Serialized files (Serialized files now loaded: 0)
System memory in use before: 161.2 MB.
System memory in use after: 161.3 MB.

Unloading 12 unused Assets to reduce memory usage. Loaded Objects now: 2115.
Total: 1.898579 ms (FindLiveObjects: 0.210324 ms CreateObjectMapping: 0.043386 ms MarkObjects: 1.563315 ms  DeleteObjects: 0.080196 ms)

========================================================================
Received Prepare
Refreshing native plugins compatible for Editor in 1.13 ms, found 1 plugins.
Preloading 0 native plugins for Editor in 0.00 ms.
Unloading 8 Unused Serialized files (Serialized files now loaded: 0)
System memory in use before: 129.9 MB.
System memory in use after: 130.0 MB.

Unloading 8 unused Assets to reduce memory usage. Loaded Objects now: 2115.
Total: 1.706478 ms (FindLiveObjects: 0.230528 ms CreateObjectMapping: 0.043713 ms MarkObjects: 1.362042 ms  DeleteObjects: 0.069076 ms)

========================================================================
Received Prepare
Registering precompiled user dll's ...
Registered in 0.003584 seconds.
Begin MonoManager ReloadAssembly
Native extension for OSXStandalone target not found
Native extension for WebGL target not found
Refreshing native plugins compatible for Editor in 0.35 ms, found 1 plugins.
Preloading 0 native plugins for Editor in 0.00 ms.
Invoked RoslynAnalysisRunner static constructor.
RoslynAnalysisRunner will not be running.
RoslynAnalysisRunner has terminated.
Mono: successfully reloaded assembly
- Completed reload, in  1.606 seconds
Platform modules already initialized, skipping
Refreshing native plugins compatible for Editor in 0.77 ms, found 1 plugins.
Preloading 0 native plugins for Editor in 0.00 ms.
Unloading 1443 Unused Serialized files (Serialized files now loaded: 0)
System memory in use before: 157.5 MB.
System memory in use after: 157.6 MB.

Unloading 10 unused Assets to reduce memory usage. Loaded Objects now: 2119.
Total: 1.819597 ms (FindLiveObjects: 0.220062 ms CreateObjectMapping: 0.060972 ms MarkObjects: 1.453730 ms  DeleteObjects: 0.083045 ms)

========================================================================
Received Prepare
Registering precompiled user dll's ...
Registered in 0.003494 seconds.
Begin MonoManager ReloadAssembly
Native extension for OSXStandalone target not found
Native extension for WebGL target not found
Refreshing native plugins compatible for Editor in 0.34 ms, found 1 plugins.
Preloading 0 native plugins for Editor in 0.00 ms.
Invoked RoslynAnalysisRunner static constructor.
RoslynAnalysisRunner will not be running.
RoslynAnalysisRunner has terminated.
Mono: successfully reloaded assembly
- Completed reload, in  1.057 seconds
Platform modules already initialized, skipping
Refreshing native plugins compatible for Editor in 0.34 ms, found 1 plugins.
Preloading 0 native plugins for Editor in 0.00 ms.
Unloading 1443 Unused Serialized files (Serialized files now loaded: 0)
System memory in use before: 156.8 MB.
System memory in use after: 156.9 MB.

Unloading 10 unused Assets to reduce memory usage. Loaded Objects now: 2123.
Total: 1.972109 ms (FindLiveObjects: 0.248584 ms CreateObjectMapping: 0.044606 ms MarkObjects: 1.604982 ms  DeleteObjects: 0.072923 ms)

========================================================================
Received Import Request.
  Time since last request: 4394.942224 seconds.
  path: Assets/Scenes/GameScene.unity
  artifactKey: Guid(9fc0d4010bbf28b4594072e72b8655ab) Importer(815301076,1909f56bfc062723c751e8b465ee728b)
Start importing Assets/Scenes/GameScene.unity using Guid(9fc0d4010bbf28b4594072e72b8655ab) Importer(815301076,1909f56bfc062723c751e8b465ee728b)  -> (artifact id: '8ea9d1da2fc1b3dae8b1fe9a8210bf03') in 0.011071 seconds
  Import took 0.013633 seconds .

========================================================================
Received Import Request.
  Time since last request: 0.007536 seconds.
  path: Assets/Scenes/GameScene.unity
  artifactKey: Guid(9fc0d4010bbf28b4594072e72b8655ab) Importer(815301076,1909f56bfc062723c751e8b465ee728b)
Start importing Assets/Scenes/GameScene.unity using Guid(9fc0d4010bbf28b4594072e72b8655ab) Importer(815301076,1909f56bfc062723c751e8b465ee728b)  -> (artifact id: '8ea9d1da2fc1b3dae8b1fe9a8210bf03') in 0.003344 seconds
  Import took 0.009577 seconds .

========================================================================
Received Prepare
Refreshing native plugins compatible for Editor in 1.25 ms, found 1 plugins.
Preloading 0 native plugins for Editor in 0.00 ms.
Unloading 8 Unused Serialized files (Serialized files now loaded: 0)
System memory in use before: 125.6 MB.
System memory in use after: 125.7 MB.

Unloading 8 unused Assets to reduce memory usage. Loaded Objects now: 2123.
Total: 2.266493 ms (FindLiveObjects: 0.336526 ms CreateObjectMapping: 0.062051 ms MarkObjects: 1.787558 ms  DeleteObjects: 0.077313 ms)

========================================================================
Received Prepare
Registering precompiled user dll's ...
Registered in 0.107169 seconds.
Begin MonoManager ReloadAssembly
Native extension for OSXStandalone target not found
Native extension for WebGL target not found
Refreshing native plugins compatible for Editor in 0.49 ms, found 1 plugins.
Preloading 0 native plugins for Editor in 0.00 ms.
Invoked RoslynAnalysisRunner static constructor.
RoslynAnalysisRunner will not be running.
RoslynAnalysisRunner has terminated.
Mono: successfully reloaded assembly
- Completed reload, in  3.225 seconds
Platform modules already initialized, skipping
Refreshing native plugins compatible for Editor in 0.97 ms, found 1 plugins.
Preloading 0 native plugins for Editor in 0.00 ms.
Unloading 1443 Unused Serialized files (Serialized files now loaded: 0)
System memory in use before: 153.2 MB.
System memory in use after: 153.3 MB.

Unloading 10 unused Assets to reduce memory usage. Loaded Objects now: 2127.
Total: 3.976113 ms (FindLiveObjects: 0.950663 ms CreateObjectMapping: 0.139029 ms MarkObjects: 2.785196 ms  DeleteObjects: 0.095638 ms)

========================================================================
Received Prepare
Registering precompiled user dll's ...
Registered in 0.003547 seconds.
Begin MonoManager ReloadAssembly
Native extension for OSXStandalone target not found
Native extension for WebGL target not found
Refreshing native plugins compatible for Editor in 0.31 ms, found 1 plugins.
Preloading 0 native plugins for Editor in 0.00 ms.
Invoked RoslynAnalysisRunner static constructor.
RoslynAnalysisRunner will not be running.
RoslynAnalysisRunner has terminated.
Mono: successfully reloaded assembly
- Completed reload, in  0.878 seconds
Platform modules already initialized, skipping
Refreshing native plugins compatible for Editor in 0.39 ms, found 1 plugins.
Preloading 0 native plugins for Editor in 0.00 ms.
Unloading 1443 Unused Serialized files (Serialized files now loaded: 0)
System memory in use before: 152.4 MB.
System memory in use after: 152.5 MB.

Unloading 10 unused Assets to reduce memory usage. Loaded Objects now: 2131.
Total: 1.628111 ms (FindLiveObjects: 0.223439 ms CreateObjectMapping: 0.080646 ms MarkObjects: 1.253847 ms  DeleteObjects: 0.069243 ms)

========================================================================
Received Prepare
Refreshing native plugins compatible for Editor in 1.46 ms, found 1 plugins.
Preloading 0 native plugins for Editor in 0.00 ms.
Unloading 8 Unused Serialized files (Serialized files now loaded: 0)
System memory in use before: 121.2 MB.
System memory in use after: 121.3 MB.

Unloading 8 unused Assets to reduce memory usage. Loaded Objects now: 2131.
Total: 2.191492 ms (FindLiveObjects: 0.258109 ms CreateObjectMapping: 0.096066 ms MarkObjects: 1.762996 ms  DeleteObjects: 0.072399 ms)

========================================================================
Received Prepare
Registering precompiled user dll's ...
Registered in 0.001097 seconds.
Begin MonoManager ReloadAssembly
Native extension for OSXStandalone target not found
Native extension for WebGL target not found
Refreshing native plugins compatible for Editor in 0.53 ms, found 1 plugins.
Preloading 0 native plugins for Editor in 0.00 ms.
Invoked RoslynAnalysisRunner static constructor.
RoslynAnalysisRunner will not be running.
RoslynAnalysisRunner has terminated.
Mono: successfully reloaded assembly
- Completed reload, in  1.017 seconds
Platform modules already initialized, skipping
Refreshing native plugins compatible for Editor in 0.69 ms, found 1 plugins.
Preloading 0 native plugins for Editor in 0.00 ms.
Unloading 1443 Unused Serialized files (Serialized files now loaded: 0)
System memory in use before: 148.8 MB.
System memory in use after: 148.9 MB.

Unloading 10 unused Assets to reduce memory usage. Loaded Objects now: 2135.
Total: 4.531693 ms (FindLiveObjects: 0.373265 ms CreateObjectMapping: 0.114259 ms MarkObjects: 3.722222 ms  DeleteObjects: 0.319770 ms)

========================================================================
Received Prepare
Refreshing native plugins compatible for Editor in 1.18 ms, found 1 plugins.
Preloading 0 native plugins for Editor in 0.00 ms.
Unloading 8 Unused Serialized files (Serialized files now loaded: 0)
System memory in use before: 117.5 MB.
System memory in use after: 117.6 MB.

Unloading 8 unused Assets to reduce memory usage. Loaded Objects now: 2135.
Total: 4.206297 ms (FindLiveObjects: 0.390700 ms CreateObjectMapping: 0.212821 ms MarkObjects: 3.468954 ms  DeleteObjects: 0.130619 ms)

========================================================================
Received Prepare
Registering precompiled user dll's ...
Registered in 0.021485 seconds.
Begin MonoManager ReloadAssembly
Native extension for OSXStandalone target not found
Native extension for WebGL target not found
Refreshing native plugins compatible for Editor in 1.34 ms, found 1 plugins.
Preloading 0 native plugins for Editor in 0.00 ms.
Invoked RoslynAnalysisRunner static constructor.
RoslynAnalysisRunner will not be running.
RoslynAnalysisRunner has terminated.
Mono: successfully reloaded assembly
- Completed reload, in  1.859 seconds
Platform modules already initialized, skipping
Refreshing native plugins compatible for Editor in 0.78 ms, found 1 plugins.
Preloading 0 native plugins for Editor in 0.00 ms.
Unloading 1443 Unused Serialized files (Serialized files now loaded: 0)
System memory in use before: 145.1 MB.
System memory in use after: 145.2 MB.

Unloading 10 unused Assets to reduce memory usage. Loaded Objects now: 2139.
Total: 5.429461 ms (FindLiveObjects: 0.597973 ms CreateObjectMapping: 0.388840 ms MarkObjects: 4.139081 ms  DeleteObjects: 0.298607 ms)

========================================================================
Received Prepare
Registering precompiled user dll's ...
Registered in 0.001836 seconds.
Begin MonoManager ReloadAssembly
Native extension for OSXStandalone target not found
Native extension for WebGL target not found
Refreshing native plugins compatible for Editor in 0.32 ms, found 1 plugins.
Preloading 0 native plugins for Editor in 0.00 ms.
Invoked RoslynAnalysisRunner static constructor.
RoslynAnalysisRunner will not be running.
RoslynAnalysisRunner has terminated.
Mono: successfully reloaded assembly
- Completed reload, in  0.875 seconds
Platform modules already initialized, skipping
Refreshing native plugins compatible for Editor in 0.30 ms, found 1 plugins.
Preloading 0 native plugins for Editor in 0.00 ms.
Unloading 1443 Unused Serialized files (Serialized files now loaded: 0)
System memory in use before: 144.4 MB.
System memory in use after: 144.5 MB.

Unloading 10 unused Assets to reduce memory usage. Loaded Objects now: 2143.
Total: 1.740275 ms (FindLiveObjects: 0.243408 ms CreateObjectMapping: 0.055841 ms MarkObjects: 1.363568 ms  DeleteObjects: 0.075442 ms)

========================================================================
Received Prepare
Refreshing native plugins compatible for Editor in 1.14 ms, found 1 plugins.
Preloading 0 native plugins for Editor in 0.00 ms.
Unloading 8 Unused Serialized files (Serialized files now loaded: 0)
System memory in use before: 113.1 MB.
System memory in use after: 113.2 MB.

Unloading 8 unused Assets to reduce memory usage. Loaded Objects now: 2143.
Total: 1.759449 ms (FindLiveObjects: 0.250780 ms CreateObjectMapping: 0.101594 ms MarkObjects: 1.299009 ms  DeleteObjects: 0.106337 ms)

========================================================================
Received Prepare
Registering precompiled user dll's ...
Registered in 0.009941 seconds.
Begin MonoManager ReloadAssembly
Native extension for OSXStandalone target not found
Native extension for WebGL target not found
Refreshing native plugins compatible for Editor in 1.36 ms, found 1 plugins.
Preloading 0 native plugins for Editor in 0.00 ms.
Invoked RoslynAnalysisRunner static constructor.
RoslynAnalysisRunner will not be running.
RoslynAnalysisRunner has terminated.
Mono: successfully reloaded assembly
- Completed reload, in  1.633 seconds
Platform modules already initialized, skipping
Refreshing native plugins compatible for Editor in 0.70 ms, found 1 plugins.
Preloading 0 native plugins for Editor in 0.00 ms.
Unloading 1443 Unused Serialized files (Serialized files now loaded: 0)
System memory in use before: 140.7 MB.
System memory in use after: 140.8 MB.

Unloading 10 unused Assets to reduce memory usage. Loaded Objects now: 2147.
Total: 5.566740 ms (FindLiveObjects: 2.492907 ms CreateObjectMapping: 0.161382 ms MarkObjects: 2.798995 ms  DeleteObjects: 0.097651 ms)

========================================================================
Received Import Request.
  Time since last request: 7665.742344 seconds.
  path: Assets/Resources/BluePlayer.prefab
  artifactKey: Guid(a24652415a453414c9221058e4265f4f) Importer(815301076,1909f56bfc062723c751e8b465ee728b)
Start importing Assets/Resources/BluePlayer.prefab using Guid(a24652415a453414c9221058e4265f4f) Importer(815301076,1909f56bfc062723c751e8b465ee728b)  -> (artifact id: 'eedfacb73a97ac3e3642f11300ecf851') in 0.145174 seconds
  Import took 0.149636 seconds .

========================================================================
Received Prepare
Registering precompiled user dll's ...
Registered in 0.003605 seconds.
Begin MonoManager ReloadAssembly
Native extension for OSXStandalone target not found
Native extension for WebGL target not found
Refreshing native plugins compatible for Editor in 0.31 ms, found 1 plugins.
Preloading 0 native plugins for Editor in 0.00 ms.
Invoked RoslynAnalysisRunner static constructor.
RoslynAnalysisRunner will not be running.
RoslynAnalysisRunner has terminated.
Mono: successfully reloaded assembly
- Completed reload, in  0.873 seconds
Platform modules already initialized, skipping
Refreshing native plugins compatible for Editor in 0.35 ms, found 1 plugins.
Preloading 0 native plugins for Editor in 0.00 ms.
Unloading 1443 Unused Serialized files (Serialized files now loaded: 0)
System memory in use before: 140.2 MB.
System memory in use after: 140.2 MB.

Unloading 12 unused Assets to reduce memory usage. Loaded Objects now: 2152.
Total: 1.574808 ms (FindLiveObjects: 0.153829 ms CreateObjectMapping: 0.033325 ms MarkObjects: 1.312962 ms  DeleteObjects: 0.073557 ms)

========================================================================
Received Import Request.
  Time since last request: 779.612256 seconds.
  path: ProjectSettings/TagManager.asset
  artifactKey: Guid(00000000000000003000000000000000) Importer(815301076,1909f56bfc062723c751e8b465ee728b)
Start importing ProjectSettings/TagManager.asset using Guid(00000000000000003000000000000000) Importer(815301076,1909f56bfc062723c751e8b465ee728b)  -> (artifact id: '08965c44923f7b5f1c3b139e61c75b53') in 0.114762 seconds
  Import took 0.117185 seconds .

